Date: 2024-04-02 21:51:28
Ontology source: /D:/GitHub/Chinese_Culture/cn-medo.rdf
Worksheet source: C:\Users\v0cn037\Documents\方剂01.xlsx
Transformation rules: C:\Users\v0cn037\Documents\伤寒杂病论.json

# Cell range: (方剂set1!A2:B27) Comment: ""
# Individual: @A*
# Types: @B*

Individual: FJ0001_桂枝汤  # Generated from value "FJ0001_桂枝汤" located at cell '方剂set1'!A2.
   Types: 方剂
Individual: FJ0002_桂枝加葛根汤  # Generated from value "FJ0002_桂枝加葛根汤" located at cell '方剂set1'!A3.
   Types: 方剂
Individual: FJ0003_桂枝汤加厚朴杏子  # Generated from value "FJ0003_桂枝汤加厚朴杏子" located at cell '方剂set1'!A4.
   Types: 方剂
Individual: FJ0004_桂枝加附子汤  # Generated from value "FJ0004_桂枝加附子汤" located at cell '方剂set1'!A5.
   Types: 方剂
Individual: FJ0005_桂枝去芍药汤  # Generated from value "FJ0005_桂枝去芍药汤" located at cell '方剂set1'!A6.
   Types: 方剂
Individual: FJ0006_桂枝去芍药加附子汤  # Generated from value "FJ0006_桂枝去芍药加附子汤" located at cell '方剂set1'!A7.
   Types: 方剂
Individual: FJ0007_桂枝麻黄各半汤  # Generated from value "FJ0007_桂枝麻黄各半汤" located at cell '方剂set1'!A8.
   Types: 方剂
Individual: FJ0008_桂枝二麻黄—汤  # Generated from value "FJ0008_桂枝二麻黄—汤" located at cell '方剂set1'!A9.
   Types: 方剂
Individual: FJ0009_白虎加人参汤  # Generated from value "FJ0009_白虎加人参汤" located at cell '方剂set1'!A10.
   Types: 方剂
Individual: FJ0010_桂枝二越婢一汤  # Generated from value "FJ0010_桂枝二越婢一汤" located at cell '方剂set1'!A11.
   Types: 方剂
Individual: FJ0011_桂枝去桂加茯苓白术汤  # Generated from value "FJ0011_桂枝去桂加茯苓白术汤" located at cell '方剂set1'!A12.
   Types: 方剂
Individual: FJ0012_甘草干姜汤  # Generated from value "FJ0012_甘草干姜汤" located at cell '方剂set1'!A13.
   Types: 方剂
Individual: FJ0013_芍药甘草汤  # Generated from value "FJ0013_芍药甘草汤" located at cell '方剂set1'!A14.
   Types: 方剂
Individual: FJ0001_桂枝汤  # Generated from value "FJ0001_桂枝汤" located at cell '方剂set1'!A15.
   Types: 01_方剂
Individual: FJ0002_桂枝加葛根汤  # Generated from value "FJ0002_桂枝加葛根汤" located at cell '方剂set1'!A16.
   Types: 01_方剂
Individual: FJ0003_桂枝汤加厚朴杏子  # Generated from value "FJ0003_桂枝汤加厚朴杏子" located at cell '方剂set1'!A17.
   Types: 01_方剂
Individual: FJ0004_桂枝加附子汤  # Generated from value "FJ0004_桂枝加附子汤" located at cell '方剂set1'!A18.
   Types: 01_方剂
Individual: FJ0005_桂枝去芍药汤  # Generated from value "FJ0005_桂枝去芍药汤" located at cell '方剂set1'!A19.
   Types: 01_方剂
Individual: FJ0006_桂枝去芍药加附子汤  # Generated from value "FJ0006_桂枝去芍药加附子汤" located at cell '方剂set1'!A20.
   Types: 01_方剂
Individual: FJ0007_桂枝麻黄各半汤  # Generated from value "FJ0007_桂枝麻黄各半汤" located at cell '方剂set1'!A21.
   Types: 01_方剂
Individual: FJ0008_桂枝二麻黄—汤  # Generated from value "FJ0008_桂枝二麻黄—汤" located at cell '方剂set1'!A22.
   Types: 01_方剂
Individual: FJ0009_白虎加人参汤  # Generated from value "FJ0009_白虎加人参汤" located at cell '方剂set1'!A23.
   Types: 01_方剂
Individual: FJ0010_桂枝二越婢一汤  # Generated from value "FJ0010_桂枝二越婢一汤" located at cell '方剂set1'!A24.
   Types: 01_方剂
Individual: FJ0011_桂枝去桂加茯苓白术汤  # Generated from value "FJ0011_桂枝去桂加茯苓白术汤" located at cell '方剂set1'!A25.
   Types: 01_方剂
Individual: FJ0012_甘草干姜汤  # Generated from value "FJ0012_甘草干姜汤" located at cell '方剂set1'!A26.
   Types: 01_方剂
Individual: FJ0013_芍药甘草汤  # Generated from value "FJ0013_芍药甘草汤" located at cell '方剂set1'!A27.
   Types: 01_方剂
Individual: FJ0001_桂枝汤  # Generated from value "FJ0001_桂枝汤" located at cell '方剂set1'!A2.
   Types: 方剂
Individual: FJ0002_桂枝加葛根汤  # Generated from value "FJ0002_桂枝加葛根汤" located at cell '方剂set1'!A3.
   Types: 方剂
Individual: FJ0003_桂枝汤加厚朴杏子  # Generated from value "FJ0003_桂枝汤加厚朴杏子" located at cell '方剂set1'!A4.
   Types: 方剂
Individual: FJ0004_桂枝加附子汤  # Generated from value "FJ0004_桂枝加附子汤" located at cell '方剂set1'!A5.
   Types: 方剂
Individual: FJ0005_桂枝去芍药汤  # Generated from value "FJ0005_桂枝去芍药汤" located at cell '方剂set1'!A6.
   Types: 方剂
Individual: FJ0006_桂枝去芍药加附子汤  # Generated from value "FJ0006_桂枝去芍药加附子汤" located at cell '方剂set1'!A7.
   Types: 方剂
Individual: FJ0007_桂枝麻黄各半汤  # Generated from value "FJ0007_桂枝麻黄各半汤" located at cell '方剂set1'!A8.
   Types: 方剂
Individual: FJ0008_桂枝二麻黄—汤  # Generated from value "FJ0008_桂枝二麻黄—汤" located at cell '方剂set1'!A9.
   Types: 方剂
Individual: FJ0009_白虎加人参汤  # Generated from value "FJ0009_白虎加人参汤" located at cell '方剂set1'!A10.
   Types: 方剂
Individual: FJ0010_桂枝二越婢一汤  # Generated from value "FJ0010_桂枝二越婢一汤" located at cell '方剂set1'!A11.
   Types: 方剂
Individual: FJ0011_桂枝去桂加茯苓白术汤  # Generated from value "FJ0011_桂枝去桂加茯苓白术汤" located at cell '方剂set1'!A12.
   Types: 方剂
Individual: FJ0012_甘草干姜汤  # Generated from value "FJ0012_甘草干姜汤" located at cell '方剂set1'!A13.
   Types: 方剂
Individual: FJ0013_芍药甘草汤  # Generated from value "FJ0013_芍药甘草汤" located at cell '方剂set1'!A14.
   Types: 方剂
Individual: FJ0001_桂枝汤  # Generated from value "FJ0001_桂枝汤" located at cell '方剂set1'!A15.
   Types: 01_方剂
Individual: FJ0002_桂枝加葛根汤  # Generated from value "FJ0002_桂枝加葛根汤" located at cell '方剂set1'!A16.
   Types: 01_方剂
Individual: FJ0003_桂枝汤加厚朴杏子  # Generated from value "FJ0003_桂枝汤加厚朴杏子" located at cell '方剂set1'!A17.
   Types: 01_方剂
Individual: FJ0004_桂枝加附子汤  # Generated from value "FJ0004_桂枝加附子汤" located at cell '方剂set1'!A18.
   Types: 01_方剂
Individual: FJ0005_桂枝去芍药汤  # Generated from value "FJ0005_桂枝去芍药汤" located at cell '方剂set1'!A19.
   Types: 01_方剂
Individual: FJ0006_桂枝去芍药加附子汤  # Generated from value "FJ0006_桂枝去芍药加附子汤" located at cell '方剂set1'!A20.
   Types: 01_方剂
Individual: FJ0007_桂枝麻黄各半汤  # Generated from value "FJ0007_桂枝麻黄各半汤" located at cell '方剂set1'!A21.
   Types: 01_方剂
Individual: FJ0008_桂枝二麻黄—汤  # Generated from value "FJ0008_桂枝二麻黄—汤" located at cell '方剂set1'!A22.
   Types: 01_方剂
Individual: FJ0009_白虎加人参汤  # Generated from value "FJ0009_白虎加人参汤" located at cell '方剂set1'!A23.
   Types: 01_方剂
Individual: FJ0010_桂枝二越婢一汤  # Generated from value "FJ0010_桂枝二越婢一汤" located at cell '方剂set1'!A24.
   Types: 01_方剂
Individual: FJ0011_桂枝去桂加茯苓白术汤  # Generated from value "FJ0011_桂枝去桂加茯苓白术汤" located at cell '方剂set1'!A25.
   Types: 01_方剂
Individual: FJ0012_甘草干姜汤  # Generated from value "FJ0012_甘草干姜汤" located at cell '方剂set1'!A26.
   Types: 01_方剂
Individual: FJ0013_芍药甘草汤  # Generated from value "FJ0013_芍药甘草汤" located at cell '方剂set1'!A27.
   Types: 01_方剂

===========================================================================================================
Date: 2024-04-07 21:38:48
Ontology source: /D:/GitHub/Chinese_Culture/cn-medo.rdf
Worksheet source: D:\GitHub\Chinese_Culture\Chinese_Medicine\CM_Ref\伤寒杂病论\病脉证set02.xlsx
Transformation rules: D:\GitHub\Chinese_Culture\Chinese_Medicine\CM_Ref\伤寒杂病论\伤寒杂病论.json

# Cell range: (病脉证set2!A2:B191) Comment: ""
# Individual: @A*
# Types: @B*

Individual: BMZ00031_太阳病，项背强几几，无汗，恶风，葛根汤主之  # Generated from value "BMZ00031_太阳病，项背强几几，无汗，恶风，葛根汤主之" located at cell '病脉证set2'!A2.
   Types: 病脉证
Individual: BMZ00032_太阳与阳明合病者，必自下利，葛根汤主之。  # Generated from value "BMZ00032_太阳与阳明合病者，必自下利，葛根汤主之。" located at cell '病脉证set2'!A3.
   Types: 病脉证
Individual: BMZ00033_太阳与阳明合病，不下利，但呕者，葛根加半夏汤主之。  # Generated from value "BMZ00033_太阳与阳明合病，不下利，但呕者，葛根加半夏汤主之。" located at cell '病脉证set2'!A4.
   Types: 病脉证
Individual: BMZ00034_太阳病，桂枝证，医反下之，利遂不止。脉促者，表未解也。喘而汗出者，葛根黄芩黄连汤主之。  # Generated from value "BMZ00034_太阳病，桂枝证，医反下之，利遂不止。脉促者，表未解也。喘而汗出者，葛根黄芩黄连汤主之。" located at cell '病脉证set2'!A5.
   Types: 病脉证
Individual: BMZ00035_太阳病，头痛，发热，身疼，腰痛，骨节疼痛，恶风，无汗而喘者，麻黄汤主之。  # Generated from value "BMZ00035_太阳病，头痛，发热，身疼，腰痛，骨节疼痛，恶风，无汗而喘者，麻黄汤主之。" located at cell '病脉证set2'!A6.
   Types: 病脉证
Individual: BMZ00036_太阳与阳明合病，喘而胸满者，不可下，宜麻黄汤。  # Generated from value "BMZ00036_太阳与阳明合病，喘而胸满者，不可下，宜麻黄汤。" located at cell '病脉证set2'!A7.
   Types: 病脉证
Individual: BMZ00037_太阳病十日以去，脉浮细而嗜卧者，外已解也。设胸满胁痛者，与小柴胡汤；脉但浮者，与麻黄汤。  # Generated from value "BMZ00037_太阳病十日以去，脉浮细而嗜卧者，外已解也。设胸满胁痛者，与小柴胡汤；脉但浮者，与麻黄汤。" located at cell '病脉证set2'!A8.
   Types: 病脉证
Individual: BMZ00038_太阳中风，脉浮紧，发热，恶寒，身疼痛，不汗出而烦躁者，大青龙汤主之。若脉微弱，汗出恶风者，不可服之。服之则厥逆，筋惕肉[插图]，此为逆也。  # Generated from value "BMZ00038_太阳中风，脉浮紧，发热，恶寒，身疼痛，不汗出而烦躁者，大青龙汤主之。若脉微弱，汗出恶风者，不可服之。服之则厥逆，筋惕肉[插图]，此为逆也。" located at cell '病脉证set2'!A9.
   Types: 病脉证
Individual: BMZ00039_伤寒，脉浮缓，身不疼，但重，乍有轻时，无少阴证者，大青龙汤发之。  # Generated from value "BMZ00039_伤寒，脉浮缓，身不疼，但重，乍有轻时，无少阴证者，大青龙汤发之。" located at cell '病脉证set2'!A10.
   Types: 病脉证
Individual: BMZ00042_太阳病外证未解，脉浮弱者，当以汗解，宜桂枝汤。  # Generated from value "BMZ00042_太阳病外证未解，脉浮弱者，当以汗解，宜桂枝汤。" located at cell '病脉证set2'!A11.
   Types: 病脉证
Individual: BMZ00043_太阳病，下之微喘者，表未解故也，桂枝加厚朴杏子汤主之。  # Generated from value "BMZ00043_太阳病，下之微喘者，表未解故也，桂枝加厚朴杏子汤主之。" located at cell '病脉证set2'!A12.
   Types: 病脉证
Individual: BMZ00044_太阳病外证未解，不可下也，下之为逆。欲解外者，宜桂枝汤。  # Generated from value "BMZ00044_太阳病外证未解，不可下也，下之为逆。欲解外者，宜桂枝汤。" located at cell '病脉证set2'!A13.
   Types: 病脉证
Individual: BMZ00045_太阳病，先发汗不解，而复下之，脉浮者不愈。浮为在外，而反下之，故令不愈。今脉浮，故在外，当须解外则愈，宜桂枝汤。  # Generated from value "BMZ00045_太阳病，先发汗不解，而复下之，脉浮者不愈。浮为在外，而反下之，故令不愈。今脉浮，故在外，当须解外则愈，宜桂枝汤。" located at cell '病脉证set2'!A14.
   Types: 病脉证
Individual: BMZ00046_太阳病，脉浮紧，无汗，发热，身疼痛，八九日不解，表证仍在，此当发其汗。服药已微除，其人发烦目瞑，剧者必衄，衄乃解。所以然者，阳气重故也。麻黄汤主之。  # Generated from value "BMZ00046_太阳病，脉浮紧，无汗，发热，身疼痛，八九日不解，表证仍在，此当发其汗。服药已微除，其人发烦目瞑，剧者必衄，衄乃解。所以然者，阳气重故也。麻黄汤主之。" located at cell '病脉证set2'!A15.
   Types: 病脉证
Individual: BMZ00047_太阳病，脉浮紧，发热，身无汗，自衄者愈。  # Generated from value "BMZ00047_太阳病，脉浮紧，发热，身无汗，自衄者愈。" located at cell '病脉证set2'!A16.
   Types: 病脉证
Individual: BMZ00048_二阳并病，太阳初得病时，发其汗，汗先出不彻，因转属阳明，续自微汗出，不恶寒。若太阳病证不罢者，不可下，下之为逆，如此可小发汗。设面色缘缘正赤者，阳气佛郁在表，当解之、熏之。若发汗不彻，不足言，阳气佛郁不得越，当汗不汗，其人躁烦，不知痛处，乍在腹中，乍在四肢，按之不可得，其人短气但坐，以汗出不彻故也，更发汗则愈。何以知汗出不彻？以脉涩故知也。  # Generated from value "BMZ00048_二阳并病，太阳初得病时，发其汗，汗先出不彻，因转属阳明，续自微汗出，不恶寒。若太阳病证不罢者，不可下，下之为逆，如此可小发汗。设面色缘缘正赤者，阳气佛郁在表，当解之、熏之。若发汗不彻，不足言，阳气佛郁不得越，当汗不汗，其人躁烦，不知痛处，乍在腹中，乍在四肢，按之不可得，其人短气但坐，以汗出不彻故也，更发汗则愈。何以知汗出不彻？以脉涩故知也。" located at cell '病脉证set2'!A17.
   Types: 病脉证
Individual: BMZ00049_脉浮数者，法当汗出而愈。若下之，身重心悸者，不可发汗，当自汗出乃解。所以然者，尺中脉微，此里虚。须表里实，津液自和，便自汗出愈。  # Generated from value "BMZ00049_脉浮数者，法当汗出而愈。若下之，身重心悸者，不可发汗，当自汗出乃解。所以然者，尺中脉微，此里虚。须表里实，津液自和，便自汗出愈。" located at cell '病脉证set2'!A18.
   Types: 病脉证
Individual: BMZ00050_脉浮紧者，法当身疼痛，宜以汗解之。假令尺中迟者，不可发汗。何以知然？以荣气不足，血少故也。  # Generated from value "BMZ00050_脉浮紧者，法当身疼痛，宜以汗解之。假令尺中迟者，不可发汗。何以知然？以荣气不足，血少故也。" located at cell '病脉证set2'!A19.
   Types: 病脉证
Individual: BMZ00051_脉浮者，病在表，可发汗，宜麻黄汤。  # Generated from value "BMZ00051_脉浮者，病在表，可发汗，宜麻黄汤。" located at cell '病脉证set2'!A20.
   Types: 病脉证
Individual: BMZ00052_脉浮而数者，可发汗，宜麻黄汤。  # Generated from value "BMZ00052_脉浮而数者，可发汗，宜麻黄汤。" located at cell '病脉证set2'!A21.
   Types: 病脉证
Individual: BMZ00053_病常自汗出者，此为荣气和，荣气和者，外不谐，以卫气不共荣气谐和故尔。以荣行脉中，卫行脉外，复发其汗，荣卫和则愈，宜桂枝汤。  # Generated from value "BMZ00053_病常自汗出者，此为荣气和，荣气和者，外不谐，以卫气不共荣气谐和故尔。以荣行脉中，卫行脉外，复发其汗，荣卫和则愈，宜桂枝汤。" located at cell '病脉证set2'!A22.
   Types: 病脉证
Individual: BMZ00054_病人脏无他病，时发热、自汗出而不愈者，此卫气不和也。先其时发汗则愈，宜桂枝汤。  # Generated from value "BMZ00054_病人脏无他病，时发热、自汗出而不愈者，此卫气不和也。先其时发汗则愈，宜桂枝汤。" located at cell '病脉证set2'!A23.
   Types: 病脉证
Individual: BMZ00055_伤寒，脉浮紧，不发汗，因致衄者，麻黄汤主之。  # Generated from value "BMZ00055_伤寒，脉浮紧，不发汗，因致衄者，麻黄汤主之。" located at cell '病脉证set2'!A24.
   Types: 病脉证
Individual: BMZ00056_伤寒，不大便六七日，头痛有热者，与承气汤。其小便清者，知不在里，仍在表也，当须发汗，若头痛者，必衄，宜桂枝汤。  # Generated from value "BMZ00056_伤寒，不大便六七日，头痛有热者，与承气汤。其小便清者，知不在里，仍在表也，当须发汗，若头痛者，必衄，宜桂枝汤。" located at cell '病脉证set2'!A25.
   Types: 病脉证
Individual: BMZ00057_伤寒，发汗已解，半日许复烦，脉浮数者，可更发汗，宜桂枝汤。  # Generated from value "BMZ00057_伤寒，发汗已解，半日许复烦，脉浮数者，可更发汗，宜桂枝汤。" located at cell '病脉证set2'!A26.
   Types: 病脉证
Individual: BMZ00058_凡病，若发汗、若吐、若下、若亡血、亡津液，阴阳自和者，必自愈。  # Generated from value "BMZ00058_凡病，若发汗、若吐、若下、若亡血、亡津液，阴阳自和者，必自愈。" located at cell '病脉证set2'!A27.
   Types: 病脉证
Individual: BMZ00059_大下之后，复发汗，小便不利者，亡津液故也。勿治之，得小便利，必自愈。  # Generated from value "BMZ00059_大下之后，复发汗，小便不利者，亡津液故也。勿治之，得小便利，必自愈。" located at cell '病脉证set2'!A28.
   Types: 病脉证
Individual: BMZ00060_下之后，复发汗，必振寒，脉微细。所以然者，以内外俱虚故也。  # Generated from value "BMZ00060_下之后，复发汗，必振寒，脉微细。所以然者，以内外俱虚故也。" located at cell '病脉证set2'!A29.
   Types: 病脉证
Individual: BMZ00061_下之后，复发汗，昼日烦躁不得眠，夜而安静，不呕、不渴、无表证，脉沉微，身无大热者，干姜附子汤主之。  # Generated from value "BMZ00061_下之后，复发汗，昼日烦躁不得眠，夜而安静，不呕、不渴、无表证，脉沉微，身无大热者，干姜附子汤主之。" located at cell '病脉证set2'!A30.
   Types: 病脉证
Individual: BMZ00062_发汗后，身疼痛，脉沉迟者，桂枝加芍药生姜各一两人参三两新加汤主之。  # Generated from value "BMZ00062_发汗后，身疼痛，脉沉迟者，桂枝加芍药生姜各一两人参三两新加汤主之。" located at cell '病脉证set2'!A31.
   Types: 病脉证
Individual: BMZ00063_发汗后，不可更行桂枝汤，汗出而喘，无大热者，可与麻黄杏仁甘草石膏汤。  # Generated from value "BMZ00063_发汗后，不可更行桂枝汤，汗出而喘，无大热者，可与麻黄杏仁甘草石膏汤。" located at cell '病脉证set2'!A32.
   Types: 病脉证
Individual: BMZ00064_发汗过多，其人叉手自冒心，心下悸，欲得按者，桂枝甘草汤主之。  # Generated from value "BMZ00064_发汗过多，其人叉手自冒心，心下悸，欲得按者，桂枝甘草汤主之。" located at cell '病脉证set2'!A33.
   Types: 病脉证
Individual: BMZ00065_发汗后，其人脐下悸者，欲作奔豚，茯苓桂枝甘草大枣汤主之。  # Generated from value "BMZ00065_发汗后，其人脐下悸者，欲作奔豚，茯苓桂枝甘草大枣汤主之。" located at cell '病脉证set2'!A34.
   Types: 病脉证
Individual: BMZ00066_发汗后，腹胀满者，厚朴生姜半夏甘草人参汤主之。  # Generated from value "BMZ00066_发汗后，腹胀满者，厚朴生姜半夏甘草人参汤主之。" located at cell '病脉证set2'!A35.
   Types: 病脉证
Individual: BMZ00067_伤寒，若吐、若下后，心下逆满，气上冲胸，起则头眩，脉沉紧，发汗则动经，身为振振摇者，茯苓桂枝白术甘草汤主之。  # Generated from value "BMZ00067_伤寒，若吐、若下后，心下逆满，气上冲胸，起则头眩，脉沉紧，发汗则动经，身为振振摇者，茯苓桂枝白术甘草汤主之。" located at cell '病脉证set2'!A36.
   Types: 病脉证
Individual: BMZ00068_发汗，病不解，反恶寒者，虚故也，芍药甘草附子汤主之。  # Generated from value "BMZ00068_发汗，病不解，反恶寒者，虚故也，芍药甘草附子汤主之。" located at cell '病脉证set2'!A37.
   Types: 病脉证
Individual: BMZ00069_发汗，若下之，病仍不解，烦躁者，茯苓四逆汤主之。  # Generated from value "BMZ00069_发汗，若下之，病仍不解，烦躁者，茯苓四逆汤主之。" located at cell '病脉证set2'!A38.
   Types: 病脉证
Individual: BMZ00070_发汗后，恶寒者，虚故也；不恶寒，但热者，实也，当和胃气，与调胃承气汤。  # Generated from value "BMZ00070_发汗后，恶寒者，虚故也；不恶寒，但热者，实也，当和胃气，与调胃承气汤。" located at cell '病脉证set2'!A39.
   Types: 病脉证
Individual: BMZ00071_太阳病，发汗后，大汗出，胃中干，烦躁不得眠，欲得饮水者，少少与饮之，令胃气和则愈。若脉浮，小便不利，微热，消渴者，五苓散主之。  # Generated from value "BMZ00071_太阳病，发汗后，大汗出，胃中干，烦躁不得眠，欲得饮水者，少少与饮之，令胃气和则愈。若脉浮，小便不利，微热，消渴者，五苓散主之。" located at cell '病脉证set2'!A40.
   Types: 病脉证
Individual: BMZ00072_发汗已，脉浮数，烦渴者，五苓散主之。  # Generated from value "BMZ00072_发汗已，脉浮数，烦渴者，五苓散主之。" located at cell '病脉证set2'!A41.
   Types: 病脉证
Individual: BMZ00073_伤寒，汗出而渴者，五苓散主之；不渴者，茯苓甘草汤主之。  # Generated from value "BMZ00073_伤寒，汗出而渴者，五苓散主之；不渴者，茯苓甘草汤主之。" located at cell '病脉证set2'!A42.
   Types: 病脉证
Individual: BMZ00074_中风，发热六七日不解而烦，有表里证，渴欲饮水，水入则吐者，名曰水逆，五苓散主之。  # Generated from value "BMZ00074_中风，发热六七日不解而烦，有表里证，渴欲饮水，水入则吐者，名曰水逆，五苓散主之。" located at cell '病脉证set2'!A43.
   Types: 病脉证
Individual: BMZ00075_未持脉时，病人叉手自冒心，师因教试令咳，而不咳者，此必两耳聋无闻也。所以然者，以重发汗，虚故如此。发汗后，饮水多必喘，以水灌之亦喘。  # Generated from value "BMZ00075_未持脉时，病人叉手自冒心，师因教试令咳，而不咳者，此必两耳聋无闻也。所以然者，以重发汗，虚故如此。发汗后，饮水多必喘，以水灌之亦喘。" located at cell '病脉证set2'!A44.
   Types: 病脉证
Individual: BMZ00076_发汗后，水药不得入口，为逆；若更发汗，必吐下不止。发汗吐下后，虚烦不得眠，若剧者，必反覆颠倒，心中懊[插图]，栀子豉汤主之；若少气者，栀子甘草豉汤主之；若呕者，栀子生姜豉汤主之。  # Generated from value "BMZ00076_发汗后，水药不得入口，为逆；若更发汗，必吐下不止。发汗吐下后，虚烦不得眠，若剧者，必反覆颠倒，心中懊[插图]，栀子豉汤主之；若少气者，栀子甘草豉汤主之；若呕者，栀子生姜豉汤主之。" located at cell '病脉证set2'!A45.
   Types: 病脉证
Individual: BMZ00077_发汗，若下之，而烦热、胸中窒者，栀子豉汤主之。  # Generated from value "BMZ00077_发汗，若下之，而烦热、胸中窒者，栀子豉汤主之。" located at cell '病脉证set2'!A46.
   Types: 病脉证
Individual: BMZ00078_伤寒五六日，大下之后，身热不去，心中结痛者，未欲解也，栀子豉汤主之。  # Generated from value "BMZ00078_伤寒五六日，大下之后，身热不去，心中结痛者，未欲解也，栀子豉汤主之。" located at cell '病脉证set2'!A47.
   Types: 病脉证
Individual: BMZ00079_伤寒，下后，心烦，腹满，卧起不安者，栀子厚朴汤主之。  # Generated from value "BMZ00079_伤寒，下后，心烦，腹满，卧起不安者，栀子厚朴汤主之。" located at cell '病脉证set2'!A48.
   Types: 病脉证
Individual: BMZ00080_伤寒，医以丸药大下之，身热不去，微烦者，栀子干姜汤主之。  # Generated from value "BMZ00080_伤寒，医以丸药大下之，身热不去，微烦者，栀子干姜汤主之。" located at cell '病脉证set2'!A49.
   Types: 病脉证
Individual: BMZ00081_凡用栀子汤，病人旧微溏者，不可与服之。  # Generated from value "BMZ00081_凡用栀子汤，病人旧微溏者，不可与服之。" located at cell '病脉证set2'!A50.
   Types: 病脉证
Individual: BMZ00082_太阳病，发汗，汗出不解，其人仍发热，心下悸，头眩，身[插图]动，振振欲擗地者，真武汤主之。  # Generated from value "BMZ00082_太阳病，发汗，汗出不解，其人仍发热，心下悸，头眩，身[插图]动，振振欲擗地者，真武汤主之。" located at cell '病脉证set2'!A51.
   Types: 病脉证
Individual: BMZ00083_咽喉干燥者，不可发汗。  # Generated from value "BMZ00083_咽喉干燥者，不可发汗。" located at cell '病脉证set2'!A52.
   Types: 病脉证
Individual: BMZ00084_淋家，不可发汗，发汗必便血。  # Generated from value "BMZ00084_淋家，不可发汗，发汗必便血。" located at cell '病脉证set2'!A53.
   Types: 病脉证
Individual: BMZ00085_疮家，虽身疼痛，不可发汗，汗出则痉。  # Generated from value "BMZ00085_疮家，虽身疼痛，不可发汗，汗出则痉。" located at cell '病脉证set2'!A54.
   Types: 病脉证
Individual: BMZ00086_衄家，不可发汗，汗出必额上陷，脉急紧，直视不能眴，不得眠。  # Generated from value "BMZ00086_衄家，不可发汗，汗出必额上陷，脉急紧，直视不能眴，不得眠。" located at cell '病脉证set2'!A55.
   Types: 病脉证
Individual: BMZ00087_亡血家，不可发汗，发汗则寒栗而振。  # Generated from value "BMZ00087_亡血家，不可发汗，发汗则寒栗而振。" located at cell '病脉证set2'!A56.
   Types: 病脉证
Individual: BMZ00088_汗家，重发汗，必恍惚心乱，小便已阴疼，与禹余粮丸。  # Generated from value "BMZ00088_汗家，重发汗，必恍惚心乱，小便已阴疼，与禹余粮丸。" located at cell '病脉证set2'!A57.
   Types: 病脉证
Individual: BMZ00089_方本阙。病人有寒，复发汗，胃中冷，必吐蛔。  # Generated from value "BMZ00089_方本阙。病人有寒，复发汗，胃中冷，必吐蛔。" located at cell '病脉证set2'!A58.
   Types: 病脉证
Individual: BMZ00090_本发汗，而复下之，此为逆也；若先发汗，治不为逆。本先下之，而反汗之，为逆；若先下之，治不为逆。  # Generated from value "BMZ00090_本发汗，而复下之，此为逆也；若先发汗，治不为逆。本先下之，而反汗之，为逆；若先下之，治不为逆。" located at cell '病脉证set2'!A59.
   Types: 病脉证
Individual: BMZ00091_伤寒，医下之，续得下利清谷不止，身疼痛者，急当救里；后身疼痛，清便自调者，急当救表。救里宜四逆汤，救表宜桂枝汤。  # Generated from value "BMZ00091_伤寒，医下之，续得下利清谷不止，身疼痛者，急当救里；后身疼痛，清便自调者，急当救表。救里宜四逆汤，救表宜桂枝汤。" located at cell '病脉证set2'!A60.
   Types: 病脉证
Individual: BMZ00092_病发热头痛，脉反沉，若不差，身体疼痛，当救其里，四逆汤方。  # Generated from value "BMZ00092_病发热头痛，脉反沉，若不差，身体疼痛，当救其里，四逆汤方。" located at cell '病脉证set2'!A61.
   Types: 病脉证
Individual: BMZ00093_太阳病，先下而不愈，因复发汗，以此表里俱虚，其人因致冒，冒家汗出自愈。所以然者，汗出表和故也。里未和，然后复下之。  # Generated from value "BMZ00093_太阳病，先下而不愈，因复发汗，以此表里俱虚，其人因致冒，冒家汗出自愈。所以然者，汗出表和故也。里未和，然后复下之。" located at cell '病脉证set2'!A62.
   Types: 病脉证
Individual: BMZ00094_太阳病未解，脉阴阳俱停（一作微），必先振栗汗出而解。但阳脉微者，先汗出而解；但阴脉微（一作尺脉实）者，下之而解。若欲下之，宜调胃承气汤。  # Generated from value "BMZ00094_太阳病未解，脉阴阳俱停（一作微），必先振栗汗出而解。但阳脉微者，先汗出而解；但阴脉微（一作尺脉实）者，下之而解。若欲下之，宜调胃承气汤。" located at cell '病脉证set2'!A63.
   Types: 病脉证
Individual: BMZ00095_太阳病，发热、汗出者，此为荣弱卫强，故使汗出。欲救邪风者，宜桂枝汤。  # Generated from value "BMZ00095_太阳病，发热、汗出者，此为荣弱卫强，故使汗出。欲救邪风者，宜桂枝汤。" located at cell '病脉证set2'!A64.
   Types: 病脉证
Individual: BMZ00096_伤寒五六日，中风，往来寒热，胸胁苦满，嘿嘿不欲饮食，心烦，喜呕，或胸中烦而不呕，或渴，或腹中痛，或胁下痞鞕，或心下悸、小便不利，或不渴、身有微热，或咳者，小柴胡汤主之。  # Generated from value "BMZ00096_伤寒五六日，中风，往来寒热，胸胁苦满，嘿嘿不欲饮食，心烦，喜呕，或胸中烦而不呕，或渴，或腹中痛，或胁下痞鞕，或心下悸、小便不利，或不渴、身有微热，或咳者，小柴胡汤主之。" located at cell '病脉证set2'!A65.
   Types: 病脉证
Individual: BMZ00097_血弱气尽，腠理开，邪气因入，与正气相搏，结于胁下。正邪分争，往来寒热，休作有时，嘿嘿不欲饮食，脏腑相连，其痛必下，邪高痛下，故使呕也。小柴胡汤主之。服柴胡汤已，渴者，属阳明，以法治之。  # Generated from value "BMZ00097_血弱气尽，腠理开，邪气因入，与正气相搏，结于胁下。正邪分争，往来寒热，休作有时，嘿嘿不欲饮食，脏腑相连，其痛必下，邪高痛下，故使呕也。小柴胡汤主之。服柴胡汤已，渴者，属阳明，以法治之。" located at cell '病脉证set2'!A66.
   Types: 病脉证
Individual: BMZ00098_得病六七日，脉迟浮弱，恶风寒，手足温。医二三下之，不能食，而胁下满痛，面目及身黄，颈项强，小便难者，与柴胡汤，后必下重。本渴饮水而呕者，柴胡汤不中与也，食谷者哕。  # Generated from value "BMZ00098_得病六七日，脉迟浮弱，恶风寒，手足温。医二三下之，不能食，而胁下满痛，面目及身黄，颈项强，小便难者，与柴胡汤，后必下重。本渴饮水而呕者，柴胡汤不中与也，食谷者哕。" located at cell '病脉证set2'!A67.
   Types: 病脉证
Individual: BMZ00099_伤寒四五日，身热，恶风，颈项强，胁下满，手足温而渴者，小柴胡汤主之。  # Generated from value "BMZ00099_伤寒四五日，身热，恶风，颈项强，胁下满，手足温而渴者，小柴胡汤主之。" located at cell '病脉证set2'!A68.
   Types: 病脉证
Individual: BMZ00100_伤寒，阳脉涩，阴脉弦，法当腹中急痛，先与小建中汤，不差者，小柴胡汤主之。  # Generated from value "BMZ00100_伤寒，阳脉涩，阴脉弦，法当腹中急痛，先与小建中汤，不差者，小柴胡汤主之。" located at cell '病脉证set2'!A69.
   Types: 病脉证
Individual: BMZ00101_伤寒中风，有柴胡证，但见一证便是，不必悉具。凡柴胡汤病证而下之，若柴胡证不罢者，复与柴胡汤，必蒸蒸而振，却复发热汗出而解。  # Generated from value "BMZ00101_伤寒中风，有柴胡证，但见一证便是，不必悉具。凡柴胡汤病证而下之，若柴胡证不罢者，复与柴胡汤，必蒸蒸而振，却复发热汗出而解。" located at cell '病脉证set2'!A70.
   Types: 病脉证
Individual: BMZ00102_伤寒二三日，心中悸而烦者，小建中汤主之。  # Generated from value "BMZ00102_伤寒二三日，心中悸而烦者，小建中汤主之。" located at cell '病脉证set2'!A71.
   Types: 病脉证
Individual: BMZ00103_太阳病，过经十余日，反二三下之，后四五日，柴胡证仍在者，先与小柴胡。呕不止，心下急，郁郁微烦者，为未解也，与大柴胡汤，下之则愈。  # Generated from value "BMZ00103_太阳病，过经十余日，反二三下之，后四五日，柴胡证仍在者，先与小柴胡。呕不止，心下急，郁郁微烦者，为未解也，与大柴胡汤，下之则愈。" located at cell '病脉证set2'!A72.
   Types: 病脉证
Individual: BMZ00104_太阳病，过经十余日，反二三下之，后四五日，柴胡证仍在者，先与小柴胡。呕不止，心下急，郁郁微烦者，为未解也，与大柴胡汤，下之则愈。  # Generated from value "BMZ00104_太阳病，过经十余日，反二三下之，后四五日，柴胡证仍在者，先与小柴胡。呕不止，心下急，郁郁微烦者，为未解也，与大柴胡汤，下之则愈。" located at cell '病脉证set2'!A73.
   Types: 病脉证
Individual: BMZ00105_伤寒十三日，过经，谵语者，以有热也，当以汤下之。若小便利者，大便当鞕，而反下利，脉调和者，知医以丸药下之，非其治也。若自下利者，脉当微厥，今反和者，此为内实也，调胃承气汤主之。  # Generated from value "BMZ00105_伤寒十三日，过经，谵语者，以有热也，当以汤下之。若小便利者，大便当鞕，而反下利，脉调和者，知医以丸药下之，非其治也。若自下利者，脉当微厥，今反和者，此为内实也，调胃承气汤主之。" located at cell '病脉证set2'!A74.
   Types: 病脉证
Individual: BMZ00106_太阳病不解，热结膀胱，其人如狂，血自下，下者愈。其外不解者，尚未可攻，当先解其外；外解已，但少腹急结者，乃可攻之，宜桃核承气汤。  # Generated from value "BMZ00106_太阳病不解，热结膀胱，其人如狂，血自下，下者愈。其外不解者，尚未可攻，当先解其外；外解已，但少腹急结者，乃可攻之，宜桃核承气汤。" located at cell '病脉证set2'!A75.
   Types: 病脉证
Individual: BMZ00107_伤寒八九日，下之，胸满烦惊，小便不利，谵语，一身尽重，不可转侧者，柴胡加龙骨牡蛎汤主之。  # Generated from value "BMZ00107_伤寒八九日，下之，胸满烦惊，小便不利，谵语，一身尽重，不可转侧者，柴胡加龙骨牡蛎汤主之。" located at cell '病脉证set2'!A76.
   Types: 病脉证
Individual: BMZ00108_伤寒，腹满谵语，寸口脉浮而紧，此肝乘脾也，名曰纵，刺期门。  # Generated from value "BMZ00108_伤寒，腹满谵语，寸口脉浮而紧，此肝乘脾也，名曰纵，刺期门。" located at cell '病脉证set2'!A77.
   Types: 病脉证
Individual: BMZ00109_伤寒，发热，啬啬恶寒，大渴欲饮水，其腹必满，自汗出，小便利，其病欲解，此肝乘肺也，名曰横，刺期门。  # Generated from value "BMZ00109_伤寒，发热，啬啬恶寒，大渴欲饮水，其腹必满，自汗出，小便利，其病欲解，此肝乘肺也，名曰横，刺期门。" located at cell '病脉证set2'!A78.
   Types: 病脉证
Individual: BMZ00110_太阳病二日，反躁，凡熨其背，而大汗出，大热入胃，胃中水竭，躁烦，必发谵语。十余日，振栗，自下利者，此为欲解也。故其汗从腰以下不得汗，欲小便不得，反呕，欲失溲，足下恶风，大便鞕，小便当数，而反不数及不多，大便已，头卓然而痛，其人足心必热，谷气下流故也。  # Generated from value "BMZ00110_太阳病二日，反躁，凡熨其背，而大汗出，大热入胃，胃中水竭，躁烦，必发谵语。十余日，振栗，自下利者，此为欲解也。故其汗从腰以下不得汗，欲小便不得，反呕，欲失溲，足下恶风，大便鞕，小便当数，而反不数及不多，大便已，头卓然而痛，其人足心必热，谷气下流故也。" located at cell '病脉证set2'!A79.
   Types: 病脉证
Individual: BMZ00111_太阳病中风，以火劫发汗，邪风被火热，血气流溢，失其常度。两阳相熏灼，其身发黄。阳盛则欲衄，阴虚小便难。阴阳俱虚竭，身体则枯燥，但头汗出，剂颈而还，腹满微喘，口干咽烂，或不大便，久则谵语，甚者至哕，手足躁扰，捻衣摸床。小便利者，其人可治。  # Generated from value "BMZ00111_太阳病中风，以火劫发汗，邪风被火热，血气流溢，失其常度。两阳相熏灼，其身发黄。阳盛则欲衄，阴虚小便难。阴阳俱虚竭，身体则枯燥，但头汗出，剂颈而还，腹满微喘，口干咽烂，或不大便，久则谵语，甚者至哕，手足躁扰，捻衣摸床。小便利者，其人可治。" located at cell '病脉证set2'!A80.
   Types: 病脉证
Individual: BMZ00112_伤寒，脉浮，医以火迫劫之，亡阳，必惊狂，卧起不安者，桂枝去芍药加蜀漆牡蛎龙骨救逆汤主之。  # Generated from value "BMZ00112_伤寒，脉浮，医以火迫劫之，亡阳，必惊狂，卧起不安者，桂枝去芍药加蜀漆牡蛎龙骨救逆汤主之。" located at cell '病脉证set2'!A81.
   Types: 病脉证
Individual: BMZ00113_形作伤寒，其脉不弦紧而弱。弱者必渴，被火必谵语。弱者发热、脉浮，解之，当汗出愈。  # Generated from value "BMZ00113_形作伤寒，其脉不弦紧而弱。弱者必渴，被火必谵语。弱者发热、脉浮，解之，当汗出愈。" located at cell '病脉证set2'!A82.
   Types: 病脉证
Individual: BMZ00114_太阳病，以火熏之，不得汗，其人必躁，到经不解，必清血，名为火邪。  # Generated from value "BMZ00114_太阳病，以火熏之，不得汗，其人必躁，到经不解，必清血，名为火邪。" located at cell '病脉证set2'!A83.
   Types: 病脉证
Individual: BMZ00115_脉浮热甚，而反灸之，此为实，实以虚治，因火而动，必咽燥吐血。  # Generated from value "BMZ00115_脉浮热甚，而反灸之，此为实，实以虚治，因火而动，必咽燥吐血。" located at cell '病脉证set2'!A84.
   Types: 病脉证
Individual: BMZ00116_微数之脉，慎不可灸，因火为邪，则为烦逆，追虚逐实，血散脉中，火气虽微，内攻有力，焦骨伤筋，血难复也。脉浮，宜以汗解，用火灸之，邪无从出，因火而盛，病从腰以下必重而痹，名火逆也。欲自解者，必当先烦，烦乃有汗而解。何以知之？脉浮，故知汗出解。  # Generated from value "BMZ00116_微数之脉，慎不可灸，因火为邪，则为烦逆，追虚逐实，血散脉中，火气虽微，内攻有力，焦骨伤筋，血难复也。脉浮，宜以汗解，用火灸之，邪无从出，因火而盛，病从腰以下必重而痹，名火逆也。欲自解者，必当先烦，烦乃有汗而解。何以知之？脉浮，故知汗出解。" located at cell '病脉证set2'!A85.
   Types: 病脉证
Individual: BMZ00117_烧针令其汗，针处被寒，核起而赤者，必发奔豚，气从少腹上冲心者，灸其核上各一壮，与桂枝加桂汤，更加桂枝二两也。  # Generated from value "BMZ00117_烧针令其汗，针处被寒，核起而赤者，必发奔豚，气从少腹上冲心者，灸其核上各一壮，与桂枝加桂汤，更加桂枝二两也。" located at cell '病脉证set2'!A86.
   Types: 病脉证
Individual: BMZ00118_火逆下之，因烧针烦躁者，桂枝甘草龙骨牡蛎汤主之。  # Generated from value "BMZ00118_火逆下之，因烧针烦躁者，桂枝甘草龙骨牡蛎汤主之。" located at cell '病脉证set2'!A87.
   Types: 病脉证
Individual: BMZ00119_太阳伤寒者，加温针必惊也。  # Generated from value "BMZ00119_太阳伤寒者，加温针必惊也。" located at cell '病脉证set2'!A88.
   Types: 病脉证
Individual: BMZ00120_太阳病，当恶寒、发热，今自汗出，反不恶寒、发热，关上脉细数者，以医吐之过也。一二日吐之者，腹中饥，口不能食；三四日吐之者，不喜糜粥，欲食冷食，朝食暮吐。以医吐之所致也，此为小逆。  # Generated from value "BMZ00120_太阳病，当恶寒、发热，今自汗出，反不恶寒、发热，关上脉细数者，以医吐之过也。一二日吐之者，腹中饥，口不能食；三四日吐之者，不喜糜粥，欲食冷食，朝食暮吐。以医吐之所致也，此为小逆。" located at cell '病脉证set2'!A89.
   Types: 病脉证
Individual: BMZ00121_太阳病，吐之，但太阳病当恶寒，今反不恶寒，不欲近衣，此为吐之内烦也。  # Generated from value "BMZ00121_太阳病，吐之，但太阳病当恶寒，今反不恶寒，不欲近衣，此为吐之内烦也。" located at cell '病脉证set2'!A90.
   Types: 病脉证
Individual: BMZ00122_病人脉数，数为热，当消谷引食，而反吐者，此以发汗令阳气微、膈气虚，脉乃数也。数为客热，不能消谷，以胃中虚冷，故吐也。  # Generated from value "BMZ00122_病人脉数，数为热，当消谷引食，而反吐者，此以发汗令阳气微、膈气虚，脉乃数也。数为客热，不能消谷，以胃中虚冷，故吐也。" located at cell '病脉证set2'!A91.
   Types: 病脉证
Individual: BMZ00123_太阳病过经十余日，心下温温欲吐，而胸中痛，大便反溏，腹微满，郁郁微烦。先此时自极吐下者，与调胃承气汤。若不尔者，不可与。但欲呕，胸中痛，微溏者，此非柴胡汤证，以呕，故知极吐下也。  # Generated from value "BMZ00123_太阳病过经十余日，心下温温欲吐，而胸中痛，大便反溏，腹微满，郁郁微烦。先此时自极吐下者，与调胃承气汤。若不尔者，不可与。但欲呕，胸中痛，微溏者，此非柴胡汤证，以呕，故知极吐下也。" located at cell '病脉证set2'!A92.
   Types: 病脉证
Individual: BMZ00124_太阳病六七日，表证仍在，脉微而沉，反不结胸，其人发狂者，以热在下焦，少腹当鞕满，小便自利者，下血乃愈。所以然者，以太阳随经，瘀热在里故也，抵当汤主之。  # Generated from value "BMZ00124_太阳病六七日，表证仍在，脉微而沉，反不结胸，其人发狂者，以热在下焦，少腹当鞕满，小便自利者，下血乃愈。所以然者，以太阳随经，瘀热在里故也，抵当汤主之。" located at cell '病脉证set2'!A93.
   Types: 病脉证
Individual: BMZ00125_太阳病，身黄，脉沉结，少腹鞕，小便不利者，为无血也。小便自利，其人如狂者，血证谛也，抵当汤主之。（125）  # Generated from value "BMZ00125_太阳病，身黄，脉沉结，少腹鞕，小便不利者，为无血也。小便自利，其人如狂者，血证谛也，抵当汤主之。（125）" located at cell '病脉证set2'!A94.
   Types: 病脉证
Individual: BMZ00126_伤寒，有热，少腹满，应小便不利，今反利者，为有血也，当下之，不可余药，宜抵当丸。  # Generated from value "BMZ00126_伤寒，有热，少腹满，应小便不利，今反利者，为有血也，当下之，不可余药，宜抵当丸。" located at cell '病脉证set2'!A95.
   Types: 病脉证
Individual: BMZ00127_太阳病，小便利者，以饮水多，必心下悸；小便少者，必苦里急也。  # Generated from value "BMZ00127_太阳病，小便利者，以饮水多，必心下悸；小便少者，必苦里急也。" located at cell '病脉证set2'!A96.
   Types: 病脉证
Individual: BMZ00031_太阳病，项背强几几，无汗，恶风，葛根汤主之  # Generated from value "BMZ00031_太阳病，项背强几几，无汗，恶风，葛根汤主之" located at cell '病脉证set2'!A97.
   Types: 02_病脉证
Individual: BMZ00032_太阳与阳明合病者，必自下利，葛根汤主之。  # Generated from value "BMZ00032_太阳与阳明合病者，必自下利，葛根汤主之。" located at cell '病脉证set2'!A98.
   Types: 02_病脉证
Individual: BMZ00033_太阳与阳明合病，不下利，但呕者，葛根加半夏汤主之。  # Generated from value "BMZ00033_太阳与阳明合病，不下利，但呕者，葛根加半夏汤主之。" located at cell '病脉证set2'!A99.
   Types: 02_病脉证
Individual: BMZ00034_太阳病，桂枝证，医反下之，利遂不止。脉促者，表未解也。喘而汗出者，葛根黄芩黄连汤主之。  # Generated from value "BMZ00034_太阳病，桂枝证，医反下之，利遂不止。脉促者，表未解也。喘而汗出者，葛根黄芩黄连汤主之。" located at cell '病脉证set2'!A100.
   Types: 02_病脉证
Individual: BMZ00035_太阳病，头痛，发热，身疼，腰痛，骨节疼痛，恶风，无汗而喘者，麻黄汤主之。  # Generated from value "BMZ00035_太阳病，头痛，发热，身疼，腰痛，骨节疼痛，恶风，无汗而喘者，麻黄汤主之。" located at cell '病脉证set2'!A101.
   Types: 02_病脉证
Individual: BMZ00036_太阳与阳明合病，喘而胸满者，不可下，宜麻黄汤。  # Generated from value "BMZ00036_太阳与阳明合病，喘而胸满者，不可下，宜麻黄汤。" located at cell '病脉证set2'!A102.
   Types: 02_病脉证
Individual: BMZ00037_太阳病十日以去，脉浮细而嗜卧者，外已解也。设胸满胁痛者，与小柴胡汤；脉但浮者，与麻黄汤。  # Generated from value "BMZ00037_太阳病十日以去，脉浮细而嗜卧者，外已解也。设胸满胁痛者，与小柴胡汤；脉但浮者，与麻黄汤。" located at cell '病脉证set2'!A103.
   Types: 02_病脉证
Individual: BMZ00038_太阳中风，脉浮紧，发热，恶寒，身疼痛，不汗出而烦躁者，大青龙汤主之。若脉微弱，汗出恶风者，不可服之。服之则厥逆，筋惕肉[插图]，此为逆也。  # Generated from value "BMZ00038_太阳中风，脉浮紧，发热，恶寒，身疼痛，不汗出而烦躁者，大青龙汤主之。若脉微弱，汗出恶风者，不可服之。服之则厥逆，筋惕肉[插图]，此为逆也。" located at cell '病脉证set2'!A104.
   Types: 02_病脉证
Individual: BMZ00039_伤寒，脉浮缓，身不疼，但重，乍有轻时，无少阴证者，大青龙汤发之。  # Generated from value "BMZ00039_伤寒，脉浮缓，身不疼，但重，乍有轻时，无少阴证者，大青龙汤发之。" located at cell '病脉证set2'!A105.
   Types: 02_病脉证
Individual: BMZ00042_太阳病外证未解，脉浮弱者，当以汗解，宜桂枝汤。  # Generated from value "BMZ00042_太阳病外证未解，脉浮弱者，当以汗解，宜桂枝汤。" located at cell '病脉证set2'!A106.
   Types: 02_病脉证
Individual: BMZ00043_太阳病，下之微喘者，表未解故也，桂枝加厚朴杏子汤主之。  # Generated from value "BMZ00043_太阳病，下之微喘者，表未解故也，桂枝加厚朴杏子汤主之。" located at cell '病脉证set2'!A107.
   Types: 02_病脉证
Individual: BMZ00044_太阳病外证未解，不可下也，下之为逆。欲解外者，宜桂枝汤。  # Generated from value "BMZ00044_太阳病外证未解，不可下也，下之为逆。欲解外者，宜桂枝汤。" located at cell '病脉证set2'!A108.
   Types: 02_病脉证
Individual: BMZ00045_太阳病，先发汗不解，而复下之，脉浮者不愈。浮为在外，而反下之，故令不愈。今脉浮，故在外，当须解外则愈，宜桂枝汤。  # Generated from value "BMZ00045_太阳病，先发汗不解，而复下之，脉浮者不愈。浮为在外，而反下之，故令不愈。今脉浮，故在外，当须解外则愈，宜桂枝汤。" located at cell '病脉证set2'!A109.
   Types: 02_病脉证
Individual: BMZ00046_太阳病，脉浮紧，无汗，发热，身疼痛，八九日不解，表证仍在，此当发其汗。服药已微除，其人发烦目瞑，剧者必衄，衄乃解。所以然者，阳气重故也。麻黄汤主之。  # Generated from value "BMZ00046_太阳病，脉浮紧，无汗，发热，身疼痛，八九日不解，表证仍在，此当发其汗。服药已微除，其人发烦目瞑，剧者必衄，衄乃解。所以然者，阳气重故也。麻黄汤主之。" located at cell '病脉证set2'!A110.
   Types: 02_病脉证
Individual: BMZ00047_太阳病，脉浮紧，发热，身无汗，自衄者愈。  # Generated from value "BMZ00047_太阳病，脉浮紧，发热，身无汗，自衄者愈。" located at cell '病脉证set2'!A111.
   Types: 02_病脉证
Individual: BMZ00048_二阳并病，太阳初得病时，发其汗，汗先出不彻，因转属阳明，续自微汗出，不恶寒。若太阳病证不罢者，不可下，下之为逆，如此可小发汗。设面色缘缘正赤者，阳气佛郁在表，当解之、熏之。若发汗不彻，不足言，阳气佛郁不得越，当汗不汗，其人躁烦，不知痛处，乍在腹中，乍在四肢，按之不可得，其人短气但坐，以汗出不彻故也，更发汗则愈。何以知汗出不彻？以脉涩故知也。  # Generated from value "BMZ00048_二阳并病，太阳初得病时，发其汗，汗先出不彻，因转属阳明，续自微汗出，不恶寒。若太阳病证不罢者，不可下，下之为逆，如此可小发汗。设面色缘缘正赤者，阳气佛郁在表，当解之、熏之。若发汗不彻，不足言，阳气佛郁不得越，当汗不汗，其人躁烦，不知痛处，乍在腹中，乍在四肢，按之不可得，其人短气但坐，以汗出不彻故也，更发汗则愈。何以知汗出不彻？以脉涩故知也。" located at cell '病脉证set2'!A112.
   Types: 02_病脉证
Individual: BMZ00049_脉浮数者，法当汗出而愈。若下之，身重心悸者，不可发汗，当自汗出乃解。所以然者，尺中脉微，此里虚。须表里实，津液自和，便自汗出愈。  # Generated from value "BMZ00049_脉浮数者，法当汗出而愈。若下之，身重心悸者，不可发汗，当自汗出乃解。所以然者，尺中脉微，此里虚。须表里实，津液自和，便自汗出愈。" located at cell '病脉证set2'!A113.
   Types: 02_病脉证
Individual: BMZ00050_脉浮紧者，法当身疼痛，宜以汗解之。假令尺中迟者，不可发汗。何以知然？以荣气不足，血少故也。  # Generated from value "BMZ00050_脉浮紧者，法当身疼痛，宜以汗解之。假令尺中迟者，不可发汗。何以知然？以荣气不足，血少故也。" located at cell '病脉证set2'!A114.
   Types: 02_病脉证
Individual: BMZ00051_脉浮者，病在表，可发汗，宜麻黄汤。  # Generated from value "BMZ00051_脉浮者，病在表，可发汗，宜麻黄汤。" located at cell '病脉证set2'!A115.
   Types: 02_病脉证
Individual: BMZ00052_脉浮而数者，可发汗，宜麻黄汤。  # Generated from value "BMZ00052_脉浮而数者，可发汗，宜麻黄汤。" located at cell '病脉证set2'!A116.
   Types: 02_病脉证
Individual: BMZ00053_病常自汗出者，此为荣气和，荣气和者，外不谐，以卫气不共荣气谐和故尔。以荣行脉中，卫行脉外，复发其汗，荣卫和则愈，宜桂枝汤。  # Generated from value "BMZ00053_病常自汗出者，此为荣气和，荣气和者，外不谐，以卫气不共荣气谐和故尔。以荣行脉中，卫行脉外，复发其汗，荣卫和则愈，宜桂枝汤。" located at cell '病脉证set2'!A117.
   Types: 02_病脉证
Individual: BMZ00054_病人脏无他病，时发热、自汗出而不愈者，此卫气不和也。先其时发汗则愈，宜桂枝汤。  # Generated from value "BMZ00054_病人脏无他病，时发热、自汗出而不愈者，此卫气不和也。先其时发汗则愈，宜桂枝汤。" located at cell '病脉证set2'!A118.
   Types: 02_病脉证
Individual: BMZ00055_伤寒，脉浮紧，不发汗，因致衄者，麻黄汤主之。  # Generated from value "BMZ00055_伤寒，脉浮紧，不发汗，因致衄者，麻黄汤主之。" located at cell '病脉证set2'!A119.
   Types: 02_病脉证
Individual: BMZ00056_伤寒，不大便六七日，头痛有热者，与承气汤。其小便清者，知不在里，仍在表也，当须发汗，若头痛者，必衄，宜桂枝汤。  # Generated from value "BMZ00056_伤寒，不大便六七日，头痛有热者，与承气汤。其小便清者，知不在里，仍在表也，当须发汗，若头痛者，必衄，宜桂枝汤。" located at cell '病脉证set2'!A120.
   Types: 02_病脉证
Individual: BMZ00057_伤寒，发汗已解，半日许复烦，脉浮数者，可更发汗，宜桂枝汤。  # Generated from value "BMZ00057_伤寒，发汗已解，半日许复烦，脉浮数者，可更发汗，宜桂枝汤。" located at cell '病脉证set2'!A121.
   Types: 02_病脉证
Individual: BMZ00058_凡病，若发汗、若吐、若下、若亡血、亡津液，阴阳自和者，必自愈。  # Generated from value "BMZ00058_凡病，若发汗、若吐、若下、若亡血、亡津液，阴阳自和者，必自愈。" located at cell '病脉证set2'!A122.
   Types: 02_病脉证
Individual: BMZ00059_大下之后，复发汗，小便不利者，亡津液故也。勿治之，得小便利，必自愈。  # Generated from value "BMZ00059_大下之后，复发汗，小便不利者，亡津液故也。勿治之，得小便利，必自愈。" located at cell '病脉证set2'!A123.
   Types: 02_病脉证
Individual: BMZ00060_下之后，复发汗，必振寒，脉微细。所以然者，以内外俱虚故也。  # Generated from value "BMZ00060_下之后，复发汗，必振寒，脉微细。所以然者，以内外俱虚故也。" located at cell '病脉证set2'!A124.
   Types: 02_病脉证
Individual: BMZ00061_下之后，复发汗，昼日烦躁不得眠，夜而安静，不呕、不渴、无表证，脉沉微，身无大热者，干姜附子汤主之。  # Generated from value "BMZ00061_下之后，复发汗，昼日烦躁不得眠，夜而安静，不呕、不渴、无表证，脉沉微，身无大热者，干姜附子汤主之。" located at cell '病脉证set2'!A125.
   Types: 02_病脉证
Individual: BMZ00062_发汗后，身疼痛，脉沉迟者，桂枝加芍药生姜各一两人参三两新加汤主之。  # Generated from value "BMZ00062_发汗后，身疼痛，脉沉迟者，桂枝加芍药生姜各一两人参三两新加汤主之。" located at cell '病脉证set2'!A126.
   Types: 02_病脉证
Individual: BMZ00063_发汗后，不可更行桂枝汤，汗出而喘，无大热者，可与麻黄杏仁甘草石膏汤。  # Generated from value "BMZ00063_发汗后，不可更行桂枝汤，汗出而喘，无大热者，可与麻黄杏仁甘草石膏汤。" located at cell '病脉证set2'!A127.
   Types: 02_病脉证
Individual: BMZ00064_发汗过多，其人叉手自冒心，心下悸，欲得按者，桂枝甘草汤主之。  # Generated from value "BMZ00064_发汗过多，其人叉手自冒心，心下悸，欲得按者，桂枝甘草汤主之。" located at cell '病脉证set2'!A128.
   Types: 02_病脉证
Individual: BMZ00065_发汗后，其人脐下悸者，欲作奔豚，茯苓桂枝甘草大枣汤主之。  # Generated from value "BMZ00065_发汗后，其人脐下悸者，欲作奔豚，茯苓桂枝甘草大枣汤主之。" located at cell '病脉证set2'!A129.
   Types: 02_病脉证
Individual: BMZ00066_发汗后，腹胀满者，厚朴生姜半夏甘草人参汤主之。  # Generated from value "BMZ00066_发汗后，腹胀满者，厚朴生姜半夏甘草人参汤主之。" located at cell '病脉证set2'!A130.
   Types: 02_病脉证
Individual: BMZ00067_伤寒，若吐、若下后，心下逆满，气上冲胸，起则头眩，脉沉紧，发汗则动经，身为振振摇者，茯苓桂枝白术甘草汤主之。  # Generated from value "BMZ00067_伤寒，若吐、若下后，心下逆满，气上冲胸，起则头眩，脉沉紧，发汗则动经，身为振振摇者，茯苓桂枝白术甘草汤主之。" located at cell '病脉证set2'!A131.
   Types: 02_病脉证
Individual: BMZ00068_发汗，病不解，反恶寒者，虚故也，芍药甘草附子汤主之。  # Generated from value "BMZ00068_发汗，病不解，反恶寒者，虚故也，芍药甘草附子汤主之。" located at cell '病脉证set2'!A132.
   Types: 02_病脉证
Individual: BMZ00069_发汗，若下之，病仍不解，烦躁者，茯苓四逆汤主之。  # Generated from value "BMZ00069_发汗，若下之，病仍不解，烦躁者，茯苓四逆汤主之。" located at cell '病脉证set2'!A133.
   Types: 02_病脉证
Individual: BMZ00070_发汗后，恶寒者，虚故也；不恶寒，但热者，实也，当和胃气，与调胃承气汤。  # Generated from value "BMZ00070_发汗后，恶寒者，虚故也；不恶寒，但热者，实也，当和胃气，与调胃承气汤。" located at cell '病脉证set2'!A134.
   Types: 02_病脉证
Individual: BMZ00071_太阳病，发汗后，大汗出，胃中干，烦躁不得眠，欲得饮水者，少少与饮之，令胃气和则愈。若脉浮，小便不利，微热，消渴者，五苓散主之。  # Generated from value "BMZ00071_太阳病，发汗后，大汗出，胃中干，烦躁不得眠，欲得饮水者，少少与饮之，令胃气和则愈。若脉浮，小便不利，微热，消渴者，五苓散主之。" located at cell '病脉证set2'!A135.
   Types: 02_病脉证
Individual: BMZ00072_发汗已，脉浮数，烦渴者，五苓散主之。  # Generated from value "BMZ00072_发汗已，脉浮数，烦渴者，五苓散主之。" located at cell '病脉证set2'!A136.
   Types: 02_病脉证
Individual: BMZ00073_伤寒，汗出而渴者，五苓散主之；不渴者，茯苓甘草汤主之。  # Generated from value "BMZ00073_伤寒，汗出而渴者，五苓散主之；不渴者，茯苓甘草汤主之。" located at cell '病脉证set2'!A137.
   Types: 02_病脉证
Individual: BMZ00074_中风，发热六七日不解而烦，有表里证，渴欲饮水，水入则吐者，名曰水逆，五苓散主之。  # Generated from value "BMZ00074_中风，发热六七日不解而烦，有表里证，渴欲饮水，水入则吐者，名曰水逆，五苓散主之。" located at cell '病脉证set2'!A138.
   Types: 02_病脉证
Individual: BMZ00075_未持脉时，病人叉手自冒心，师因教试令咳，而不咳者，此必两耳聋无闻也。所以然者，以重发汗，虚故如此。发汗后，饮水多必喘，以水灌之亦喘。  # Generated from value "BMZ00075_未持脉时，病人叉手自冒心，师因教试令咳，而不咳者，此必两耳聋无闻也。所以然者，以重发汗，虚故如此。发汗后，饮水多必喘，以水灌之亦喘。" located at cell '病脉证set2'!A139.
   Types: 02_病脉证
Individual: BMZ00076_发汗后，水药不得入口，为逆；若更发汗，必吐下不止。发汗吐下后，虚烦不得眠，若剧者，必反覆颠倒，心中懊[插图]，栀子豉汤主之；若少气者，栀子甘草豉汤主之；若呕者，栀子生姜豉汤主之。  # Generated from value "BMZ00076_发汗后，水药不得入口，为逆；若更发汗，必吐下不止。发汗吐下后，虚烦不得眠，若剧者，必反覆颠倒，心中懊[插图]，栀子豉汤主之；若少气者，栀子甘草豉汤主之；若呕者，栀子生姜豉汤主之。" located at cell '病脉证set2'!A140.
   Types: 02_病脉证
Individual: BMZ00077_发汗，若下之，而烦热、胸中窒者，栀子豉汤主之。  # Generated from value "BMZ00077_发汗，若下之，而烦热、胸中窒者，栀子豉汤主之。" located at cell '病脉证set2'!A141.
   Types: 02_病脉证
Individual: BMZ00078_伤寒五六日，大下之后，身热不去，心中结痛者，未欲解也，栀子豉汤主之。  # Generated from value "BMZ00078_伤寒五六日，大下之后，身热不去，心中结痛者，未欲解也，栀子豉汤主之。" located at cell '病脉证set2'!A142.
   Types: 02_病脉证
Individual: BMZ00079_伤寒，下后，心烦，腹满，卧起不安者，栀子厚朴汤主之。  # Generated from value "BMZ00079_伤寒，下后，心烦，腹满，卧起不安者，栀子厚朴汤主之。" located at cell '病脉证set2'!A143.
   Types: 02_病脉证
Individual: BMZ00080_伤寒，医以丸药大下之，身热不去，微烦者，栀子干姜汤主之。  # Generated from value "BMZ00080_伤寒，医以丸药大下之，身热不去，微烦者，栀子干姜汤主之。" located at cell '病脉证set2'!A144.
   Types: 02_病脉证
Individual: BMZ00081_凡用栀子汤，病人旧微溏者，不可与服之。  # Generated from value "BMZ00081_凡用栀子汤，病人旧微溏者，不可与服之。" located at cell '病脉证set2'!A145.
   Types: 02_病脉证
Individual: BMZ00082_太阳病，发汗，汗出不解，其人仍发热，心下悸，头眩，身[插图]动，振振欲擗地者，真武汤主之。  # Generated from value "BMZ00082_太阳病，发汗，汗出不解，其人仍发热，心下悸，头眩，身[插图]动，振振欲擗地者，真武汤主之。" located at cell '病脉证set2'!A146.
   Types: 02_病脉证
Individual: BMZ00083_咽喉干燥者，不可发汗。  # Generated from value "BMZ00083_咽喉干燥者，不可发汗。" located at cell '病脉证set2'!A147.
   Types: 02_病脉证
Individual: BMZ00084_淋家，不可发汗，发汗必便血。  # Generated from value "BMZ00084_淋家，不可发汗，发汗必便血。" located at cell '病脉证set2'!A148.
   Types: 02_病脉证
Individual: BMZ00085_疮家，虽身疼痛，不可发汗，汗出则痉。  # Generated from value "BMZ00085_疮家，虽身疼痛，不可发汗，汗出则痉。" located at cell '病脉证set2'!A149.
   Types: 02_病脉证
Individual: BMZ00086_衄家，不可发汗，汗出必额上陷，脉急紧，直视不能眴，不得眠。  # Generated from value "BMZ00086_衄家，不可发汗，汗出必额上陷，脉急紧，直视不能眴，不得眠。" located at cell '病脉证set2'!A150.
   Types: 02_病脉证
Individual: BMZ00087_亡血家，不可发汗，发汗则寒栗而振。  # Generated from value "BMZ00087_亡血家，不可发汗，发汗则寒栗而振。" located at cell '病脉证set2'!A151.
   Types: 02_病脉证
Individual: BMZ00088_汗家，重发汗，必恍惚心乱，小便已阴疼，与禹余粮丸。  # Generated from value "BMZ00088_汗家，重发汗，必恍惚心乱，小便已阴疼，与禹余粮丸。" located at cell '病脉证set2'!A152.
   Types: 02_病脉证
Individual: BMZ00089_方本阙。病人有寒，复发汗，胃中冷，必吐蛔。  # Generated from value "BMZ00089_方本阙。病人有寒，复发汗，胃中冷，必吐蛔。" located at cell '病脉证set2'!A153.
   Types: 02_病脉证
Individual: BMZ00090_本发汗，而复下之，此为逆也；若先发汗，治不为逆。本先下之，而反汗之，为逆；若先下之，治不为逆。  # Generated from value "BMZ00090_本发汗，而复下之，此为逆也；若先发汗，治不为逆。本先下之，而反汗之，为逆；若先下之，治不为逆。" located at cell '病脉证set2'!A154.
   Types: 02_病脉证
Individual: BMZ00091_伤寒，医下之，续得下利清谷不止，身疼痛者，急当救里；后身疼痛，清便自调者，急当救表。救里宜四逆汤，救表宜桂枝汤。  # Generated from value "BMZ00091_伤寒，医下之，续得下利清谷不止，身疼痛者，急当救里；后身疼痛，清便自调者，急当救表。救里宜四逆汤，救表宜桂枝汤。" located at cell '病脉证set2'!A155.
   Types: 02_病脉证
Individual: BMZ00092_病发热头痛，脉反沉，若不差，身体疼痛，当救其里，四逆汤方。  # Generated from value "BMZ00092_病发热头痛，脉反沉，若不差，身体疼痛，当救其里，四逆汤方。" located at cell '病脉证set2'!A156.
   Types: 02_病脉证
Individual: BMZ00093_太阳病，先下而不愈，因复发汗，以此表里俱虚，其人因致冒，冒家汗出自愈。所以然者，汗出表和故也。里未和，然后复下之。  # Generated from value "BMZ00093_太阳病，先下而不愈，因复发汗，以此表里俱虚，其人因致冒，冒家汗出自愈。所以然者，汗出表和故也。里未和，然后复下之。" located at cell '病脉证set2'!A157.
   Types: 02_病脉证
Individual: BMZ00094_太阳病未解，脉阴阳俱停（一作微），必先振栗汗出而解。但阳脉微者，先汗出而解；但阴脉微（一作尺脉实）者，下之而解。若欲下之，宜调胃承气汤。  # Generated from value "BMZ00094_太阳病未解，脉阴阳俱停（一作微），必先振栗汗出而解。但阳脉微者，先汗出而解；但阴脉微（一作尺脉实）者，下之而解。若欲下之，宜调胃承气汤。" located at cell '病脉证set2'!A158.
   Types: 02_病脉证
Individual: BMZ00095_太阳病，发热、汗出者，此为荣弱卫强，故使汗出。欲救邪风者，宜桂枝汤。  # Generated from value "BMZ00095_太阳病，发热、汗出者，此为荣弱卫强，故使汗出。欲救邪风者，宜桂枝汤。" located at cell '病脉证set2'!A159.
   Types: 02_病脉证
Individual: BMZ00096_伤寒五六日，中风，往来寒热，胸胁苦满，嘿嘿不欲饮食，心烦，喜呕，或胸中烦而不呕，或渴，或腹中痛，或胁下痞鞕，或心下悸、小便不利，或不渴、身有微热，或咳者，小柴胡汤主之。  # Generated from value "BMZ00096_伤寒五六日，中风，往来寒热，胸胁苦满，嘿嘿不欲饮食，心烦，喜呕，或胸中烦而不呕，或渴，或腹中痛，或胁下痞鞕，或心下悸、小便不利，或不渴、身有微热，或咳者，小柴胡汤主之。" located at cell '病脉证set2'!A160.
   Types: 02_病脉证
Individual: BMZ00097_血弱气尽，腠理开，邪气因入，与正气相搏，结于胁下。正邪分争，往来寒热，休作有时，嘿嘿不欲饮食，脏腑相连，其痛必下，邪高痛下，故使呕也。小柴胡汤主之。服柴胡汤已，渴者，属阳明，以法治之。  # Generated from value "BMZ00097_血弱气尽，腠理开，邪气因入，与正气相搏，结于胁下。正邪分争，往来寒热，休作有时，嘿嘿不欲饮食，脏腑相连，其痛必下，邪高痛下，故使呕也。小柴胡汤主之。服柴胡汤已，渴者，属阳明，以法治之。" located at cell '病脉证set2'!A161.
   Types: 02_病脉证
Individual: BMZ00098_得病六七日，脉迟浮弱，恶风寒，手足温。医二三下之，不能食，而胁下满痛，面目及身黄，颈项强，小便难者，与柴胡汤，后必下重。本渴饮水而呕者，柴胡汤不中与也，食谷者哕。  # Generated from value "BMZ00098_得病六七日，脉迟浮弱，恶风寒，手足温。医二三下之，不能食，而胁下满痛，面目及身黄，颈项强，小便难者，与柴胡汤，后必下重。本渴饮水而呕者，柴胡汤不中与也，食谷者哕。" located at cell '病脉证set2'!A162.
   Types: 02_病脉证
Individual: BMZ00099_伤寒四五日，身热，恶风，颈项强，胁下满，手足温而渴者，小柴胡汤主之。  # Generated from value "BMZ00099_伤寒四五日，身热，恶风，颈项强，胁下满，手足温而渴者，小柴胡汤主之。" located at cell '病脉证set2'!A163.
   Types: 02_病脉证
Individual: BMZ00100_伤寒，阳脉涩，阴脉弦，法当腹中急痛，先与小建中汤，不差者，小柴胡汤主之。  # Generated from value "BMZ00100_伤寒，阳脉涩，阴脉弦，法当腹中急痛，先与小建中汤，不差者，小柴胡汤主之。" located at cell '病脉证set2'!A164.
   Types: 02_病脉证
Individual: BMZ00101_伤寒中风，有柴胡证，但见一证便是，不必悉具。凡柴胡汤病证而下之，若柴胡证不罢者，复与柴胡汤，必蒸蒸而振，却复发热汗出而解。  # Generated from value "BMZ00101_伤寒中风，有柴胡证，但见一证便是，不必悉具。凡柴胡汤病证而下之，若柴胡证不罢者，复与柴胡汤，必蒸蒸而振，却复发热汗出而解。" located at cell '病脉证set2'!A165.
   Types: 02_病脉证
Individual: BMZ00102_伤寒二三日，心中悸而烦者，小建中汤主之。  # Generated from value "BMZ00102_伤寒二三日，心中悸而烦者，小建中汤主之。" located at cell '病脉证set2'!A166.
   Types: 02_病脉证
Individual: BMZ00103_太阳病，过经十余日，反二三下之，后四五日，柴胡证仍在者，先与小柴胡。呕不止，心下急，郁郁微烦者，为未解也，与大柴胡汤，下之则愈。  # Generated from value "BMZ00103_太阳病，过经十余日，反二三下之，后四五日，柴胡证仍在者，先与小柴胡。呕不止，心下急，郁郁微烦者，为未解也，与大柴胡汤，下之则愈。" located at cell '病脉证set2'!A167.
   Types: 02_病脉证
Individual: BMZ00104_太阳病，过经十余日，反二三下之，后四五日，柴胡证仍在者，先与小柴胡。呕不止，心下急，郁郁微烦者，为未解也，与大柴胡汤，下之则愈。  # Generated from value "BMZ00104_太阳病，过经十余日，反二三下之，后四五日，柴胡证仍在者，先与小柴胡。呕不止，心下急，郁郁微烦者，为未解也，与大柴胡汤，下之则愈。" located at cell '病脉证set2'!A168.
   Types: 02_病脉证
Individual: BMZ00105_伤寒十三日，过经，谵语者，以有热也，当以汤下之。若小便利者，大便当鞕，而反下利，脉调和者，知医以丸药下之，非其治也。若自下利者，脉当微厥，今反和者，此为内实也，调胃承气汤主之。  # Generated from value "BMZ00105_伤寒十三日，过经，谵语者，以有热也，当以汤下之。若小便利者，大便当鞕，而反下利，脉调和者，知医以丸药下之，非其治也。若自下利者，脉当微厥，今反和者，此为内实也，调胃承气汤主之。" located at cell '病脉证set2'!A169.
   Types: 02_病脉证
Individual: BMZ00106_太阳病不解，热结膀胱，其人如狂，血自下，下者愈。其外不解者，尚未可攻，当先解其外；外解已，但少腹急结者，乃可攻之，宜桃核承气汤。  # Generated from value "BMZ00106_太阳病不解，热结膀胱，其人如狂，血自下，下者愈。其外不解者，尚未可攻，当先解其外；外解已，但少腹急结者，乃可攻之，宜桃核承气汤。" located at cell '病脉证set2'!A170.
   Types: 02_病脉证
Individual: BMZ00107_伤寒八九日，下之，胸满烦惊，小便不利，谵语，一身尽重，不可转侧者，柴胡加龙骨牡蛎汤主之。  # Generated from value "BMZ00107_伤寒八九日，下之，胸满烦惊，小便不利，谵语，一身尽重，不可转侧者，柴胡加龙骨牡蛎汤主之。" located at cell '病脉证set2'!A171.
   Types: 02_病脉证
Individual: BMZ00108_伤寒，腹满谵语，寸口脉浮而紧，此肝乘脾也，名曰纵，刺期门。  # Generated from value "BMZ00108_伤寒，腹满谵语，寸口脉浮而紧，此肝乘脾也，名曰纵，刺期门。" located at cell '病脉证set2'!A172.
   Types: 02_病脉证
Individual: BMZ00109_伤寒，发热，啬啬恶寒，大渴欲饮水，其腹必满，自汗出，小便利，其病欲解，此肝乘肺也，名曰横，刺期门。  # Generated from value "BMZ00109_伤寒，发热，啬啬恶寒，大渴欲饮水，其腹必满，自汗出，小便利，其病欲解，此肝乘肺也，名曰横，刺期门。" located at cell '病脉证set2'!A173.
   Types: 02_病脉证
Individual: BMZ00110_太阳病二日，反躁，凡熨其背，而大汗出，大热入胃，胃中水竭，躁烦，必发谵语。十余日，振栗，自下利者，此为欲解也。故其汗从腰以下不得汗，欲小便不得，反呕，欲失溲，足下恶风，大便鞕，小便当数，而反不数及不多，大便已，头卓然而痛，其人足心必热，谷气下流故也。  # Generated from value "BMZ00110_太阳病二日，反躁，凡熨其背，而大汗出，大热入胃，胃中水竭，躁烦，必发谵语。十余日，振栗，自下利者，此为欲解也。故其汗从腰以下不得汗，欲小便不得，反呕，欲失溲，足下恶风，大便鞕，小便当数，而反不数及不多，大便已，头卓然而痛，其人足心必热，谷气下流故也。" located at cell '病脉证set2'!A174.
   Types: 02_病脉证
Individual: BMZ00111_太阳病中风，以火劫发汗，邪风被火热，血气流溢，失其常度。两阳相熏灼，其身发黄。阳盛则欲衄，阴虚小便难。阴阳俱虚竭，身体则枯燥，但头汗出，剂颈而还，腹满微喘，口干咽烂，或不大便，久则谵语，甚者至哕，手足躁扰，捻衣摸床。小便利者，其人可治。  # Generated from value "BMZ00111_太阳病中风，以火劫发汗，邪风被火热，血气流溢，失其常度。两阳相熏灼，其身发黄。阳盛则欲衄，阴虚小便难。阴阳俱虚竭，身体则枯燥，但头汗出，剂颈而还，腹满微喘，口干咽烂，或不大便，久则谵语，甚者至哕，手足躁扰，捻衣摸床。小便利者，其人可治。" located at cell '病脉证set2'!A175.
   Types: 02_病脉证
Individual: BMZ00112_伤寒，脉浮，医以火迫劫之，亡阳，必惊狂，卧起不安者，桂枝去芍药加蜀漆牡蛎龙骨救逆汤主之。  # Generated from value "BMZ00112_伤寒，脉浮，医以火迫劫之，亡阳，必惊狂，卧起不安者，桂枝去芍药加蜀漆牡蛎龙骨救逆汤主之。" located at cell '病脉证set2'!A176.
   Types: 02_病脉证
Individual: BMZ00113_形作伤寒，其脉不弦紧而弱。弱者必渴，被火必谵语。弱者发热、脉浮，解之，当汗出愈。  # Generated from value "BMZ00113_形作伤寒，其脉不弦紧而弱。弱者必渴，被火必谵语。弱者发热、脉浮，解之，当汗出愈。" located at cell '病脉证set2'!A177.
   Types: 02_病脉证
Individual: BMZ00114_太阳病，以火熏之，不得汗，其人必躁，到经不解，必清血，名为火邪。  # Generated from value "BMZ00114_太阳病，以火熏之，不得汗，其人必躁，到经不解，必清血，名为火邪。" located at cell '病脉证set2'!A178.
   Types: 02_病脉证
Individual: BMZ00115_脉浮热甚，而反灸之，此为实，实以虚治，因火而动，必咽燥吐血。  # Generated from value "BMZ00115_脉浮热甚，而反灸之，此为实，实以虚治，因火而动，必咽燥吐血。" located at cell '病脉证set2'!A179.
   Types: 02_病脉证
Individual: BMZ00116_微数之脉，慎不可灸，因火为邪，则为烦逆，追虚逐实，血散脉中，火气虽微，内攻有力，焦骨伤筋，血难复也。脉浮，宜以汗解，用火灸之，邪无从出，因火而盛，病从腰以下必重而痹，名火逆也。欲自解者，必当先烦，烦乃有汗而解。何以知之？脉浮，故知汗出解。  # Generated from value "BMZ00116_微数之脉，慎不可灸，因火为邪，则为烦逆，追虚逐实，血散脉中，火气虽微，内攻有力，焦骨伤筋，血难复也。脉浮，宜以汗解，用火灸之，邪无从出，因火而盛，病从腰以下必重而痹，名火逆也。欲自解者，必当先烦，烦乃有汗而解。何以知之？脉浮，故知汗出解。" located at cell '病脉证set2'!A180.
   Types: 02_病脉证
Individual: BMZ00117_烧针令其汗，针处被寒，核起而赤者，必发奔豚，气从少腹上冲心者，灸其核上各一壮，与桂枝加桂汤，更加桂枝二两也。  # Generated from value "BMZ00117_烧针令其汗，针处被寒，核起而赤者，必发奔豚，气从少腹上冲心者，灸其核上各一壮，与桂枝加桂汤，更加桂枝二两也。" located at cell '病脉证set2'!A181.
   Types: 02_病脉证
Individual: BMZ00118_火逆下之，因烧针烦躁者，桂枝甘草龙骨牡蛎汤主之。  # Generated from value "BMZ00118_火逆下之，因烧针烦躁者，桂枝甘草龙骨牡蛎汤主之。" located at cell '病脉证set2'!A182.
   Types: 02_病脉证
Individual: BMZ00119_太阳伤寒者，加温针必惊也。  # Generated from value "BMZ00119_太阳伤寒者，加温针必惊也。" located at cell '病脉证set2'!A183.
   Types: 02_病脉证
Individual: BMZ00120_太阳病，当恶寒、发热，今自汗出，反不恶寒、发热，关上脉细数者，以医吐之过也。一二日吐之者，腹中饥，口不能食；三四日吐之者，不喜糜粥，欲食冷食，朝食暮吐。以医吐之所致也，此为小逆。  # Generated from value "BMZ00120_太阳病，当恶寒、发热，今自汗出，反不恶寒、发热，关上脉细数者，以医吐之过也。一二日吐之者，腹中饥，口不能食；三四日吐之者，不喜糜粥，欲食冷食，朝食暮吐。以医吐之所致也，此为小逆。" located at cell '病脉证set2'!A184.
   Types: 02_病脉证
Individual: BMZ00121_太阳病，吐之，但太阳病当恶寒，今反不恶寒，不欲近衣，此为吐之内烦也。  # Generated from value "BMZ00121_太阳病，吐之，但太阳病当恶寒，今反不恶寒，不欲近衣，此为吐之内烦也。" located at cell '病脉证set2'!A185.
   Types: 02_病脉证
Individual: BMZ00122_病人脉数，数为热，当消谷引食，而反吐者，此以发汗令阳气微、膈气虚，脉乃数也。数为客热，不能消谷，以胃中虚冷，故吐也。  # Generated from value "BMZ00122_病人脉数，数为热，当消谷引食，而反吐者，此以发汗令阳气微、膈气虚，脉乃数也。数为客热，不能消谷，以胃中虚冷，故吐也。" located at cell '病脉证set2'!A186.
   Types: 02_病脉证
Individual: BMZ00123_太阳病过经十余日，心下温温欲吐，而胸中痛，大便反溏，腹微满，郁郁微烦。先此时自极吐下者，与调胃承气汤。若不尔者，不可与。但欲呕，胸中痛，微溏者，此非柴胡汤证，以呕，故知极吐下也。  # Generated from value "BMZ00123_太阳病过经十余日，心下温温欲吐，而胸中痛，大便反溏，腹微满，郁郁微烦。先此时自极吐下者，与调胃承气汤。若不尔者，不可与。但欲呕，胸中痛，微溏者，此非柴胡汤证，以呕，故知极吐下也。" located at cell '病脉证set2'!A187.
   Types: 02_病脉证
Individual: BMZ00124_太阳病六七日，表证仍在，脉微而沉，反不结胸，其人发狂者，以热在下焦，少腹当鞕满，小便自利者，下血乃愈。所以然者，以太阳随经，瘀热在里故也，抵当汤主之。  # Generated from value "BMZ00124_太阳病六七日，表证仍在，脉微而沉，反不结胸，其人发狂者，以热在下焦，少腹当鞕满，小便自利者，下血乃愈。所以然者，以太阳随经，瘀热在里故也，抵当汤主之。" located at cell '病脉证set2'!A188.
   Types: 02_病脉证
Individual: BMZ00125_太阳病，身黄，脉沉结，少腹鞕，小便不利者，为无血也。小便自利，其人如狂者，血证谛也，抵当汤主之。（125）  # Generated from value "BMZ00125_太阳病，身黄，脉沉结，少腹鞕，小便不利者，为无血也。小便自利，其人如狂者，血证谛也，抵当汤主之。（125）" located at cell '病脉证set2'!A189.
   Types: 02_病脉证
Individual: BMZ00126_伤寒，有热，少腹满，应小便不利，今反利者，为有血也，当下之，不可余药，宜抵当丸。  # Generated from value "BMZ00126_伤寒，有热，少腹满，应小便不利，今反利者，为有血也，当下之，不可余药，宜抵当丸。" located at cell '病脉证set2'!A190.
   Types: 02_病脉证
Individual: BMZ00127_太阳病，小便利者，以饮水多，必心下悸；小便少者，必苦里急也。  # Generated from value "BMZ00127_太阳病，小便利者，以饮水多，必心下悸；小便少者，必苦里急也。" located at cell '病脉证set2'!A191.
   Types: 02_病脉证
Individual: BMZ00031_太阳病，项背强几几，无汗，恶风，葛根汤主之  # Generated from value "BMZ00031_太阳病，项背强几几，无汗，恶风，葛根汤主之" located at cell '病脉证set2'!A2.
   Types: 病脉证
Individual: BMZ00032_太阳与阳明合病者，必自下利，葛根汤主之。  # Generated from value "BMZ00032_太阳与阳明合病者，必自下利，葛根汤主之。" located at cell '病脉证set2'!A3.
   Types: 病脉证
Individual: BMZ00033_太阳与阳明合病，不下利，但呕者，葛根加半夏汤主之。  # Generated from value "BMZ00033_太阳与阳明合病，不下利，但呕者，葛根加半夏汤主之。" located at cell '病脉证set2'!A4.
   Types: 病脉证
Individual: BMZ00034_太阳病，桂枝证，医反下之，利遂不止。脉促者，表未解也。喘而汗出者，葛根黄芩黄连汤主之。  # Generated from value "BMZ00034_太阳病，桂枝证，医反下之，利遂不止。脉促者，表未解也。喘而汗出者，葛根黄芩黄连汤主之。" located at cell '病脉证set2'!A5.
   Types: 病脉证
Individual: BMZ00035_太阳病，头痛，发热，身疼，腰痛，骨节疼痛，恶风，无汗而喘者，麻黄汤主之。  # Generated from value "BMZ00035_太阳病，头痛，发热，身疼，腰痛，骨节疼痛，恶风，无汗而喘者，麻黄汤主之。" located at cell '病脉证set2'!A6.
   Types: 病脉证
Individual: BMZ00036_太阳与阳明合病，喘而胸满者，不可下，宜麻黄汤。  # Generated from value "BMZ00036_太阳与阳明合病，喘而胸满者，不可下，宜麻黄汤。" located at cell '病脉证set2'!A7.
   Types: 病脉证
Individual: BMZ00037_太阳病十日以去，脉浮细而嗜卧者，外已解也。设胸满胁痛者，与小柴胡汤；脉但浮者，与麻黄汤。  # Generated from value "BMZ00037_太阳病十日以去，脉浮细而嗜卧者，外已解也。设胸满胁痛者，与小柴胡汤；脉但浮者，与麻黄汤。" located at cell '病脉证set2'!A8.
   Types: 病脉证
Individual: BMZ00038_太阳中风，脉浮紧，发热，恶寒，身疼痛，不汗出而烦躁者，大青龙汤主之。若脉微弱，汗出恶风者，不可服之。服之则厥逆，筋惕肉[插图]，此为逆也。  # Generated from value "BMZ00038_太阳中风，脉浮紧，发热，恶寒，身疼痛，不汗出而烦躁者，大青龙汤主之。若脉微弱，汗出恶风者，不可服之。服之则厥逆，筋惕肉[插图]，此为逆也。" located at cell '病脉证set2'!A9.
   Types: 病脉证
Individual: BMZ00039_伤寒，脉浮缓，身不疼，但重，乍有轻时，无少阴证者，大青龙汤发之。  # Generated from value "BMZ00039_伤寒，脉浮缓，身不疼，但重，乍有轻时，无少阴证者，大青龙汤发之。" located at cell '病脉证set2'!A10.
   Types: 病脉证
Individual: BMZ00042_太阳病外证未解，脉浮弱者，当以汗解，宜桂枝汤。  # Generated from value "BMZ00042_太阳病外证未解，脉浮弱者，当以汗解，宜桂枝汤。" located at cell '病脉证set2'!A11.
   Types: 病脉证
Individual: BMZ00043_太阳病，下之微喘者，表未解故也，桂枝加厚朴杏子汤主之。  # Generated from value "BMZ00043_太阳病，下之微喘者，表未解故也，桂枝加厚朴杏子汤主之。" located at cell '病脉证set2'!A12.
   Types: 病脉证
Individual: BMZ00044_太阳病外证未解，不可下也，下之为逆。欲解外者，宜桂枝汤。  # Generated from value "BMZ00044_太阳病外证未解，不可下也，下之为逆。欲解外者，宜桂枝汤。" located at cell '病脉证set2'!A13.
   Types: 病脉证
Individual: BMZ00045_太阳病，先发汗不解，而复下之，脉浮者不愈。浮为在外，而反下之，故令不愈。今脉浮，故在外，当须解外则愈，宜桂枝汤。  # Generated from value "BMZ00045_太阳病，先发汗不解，而复下之，脉浮者不愈。浮为在外，而反下之，故令不愈。今脉浮，故在外，当须解外则愈，宜桂枝汤。" located at cell '病脉证set2'!A14.
   Types: 病脉证
Individual: BMZ00046_太阳病，脉浮紧，无汗，发热，身疼痛，八九日不解，表证仍在，此当发其汗。服药已微除，其人发烦目瞑，剧者必衄，衄乃解。所以然者，阳气重故也。麻黄汤主之。  # Generated from value "BMZ00046_太阳病，脉浮紧，无汗，发热，身疼痛，八九日不解，表证仍在，此当发其汗。服药已微除，其人发烦目瞑，剧者必衄，衄乃解。所以然者，阳气重故也。麻黄汤主之。" located at cell '病脉证set2'!A15.
   Types: 病脉证
Individual: BMZ00047_太阳病，脉浮紧，发热，身无汗，自衄者愈。  # Generated from value "BMZ00047_太阳病，脉浮紧，发热，身无汗，自衄者愈。" located at cell '病脉证set2'!A16.
   Types: 病脉证
Individual: BMZ00048_二阳并病，太阳初得病时，发其汗，汗先出不彻，因转属阳明，续自微汗出，不恶寒。若太阳病证不罢者，不可下，下之为逆，如此可小发汗。设面色缘缘正赤者，阳气佛郁在表，当解之、熏之。若发汗不彻，不足言，阳气佛郁不得越，当汗不汗，其人躁烦，不知痛处，乍在腹中，乍在四肢，按之不可得，其人短气但坐，以汗出不彻故也，更发汗则愈。何以知汗出不彻？以脉涩故知也。  # Generated from value "BMZ00048_二阳并病，太阳初得病时，发其汗，汗先出不彻，因转属阳明，续自微汗出，不恶寒。若太阳病证不罢者，不可下，下之为逆，如此可小发汗。设面色缘缘正赤者，阳气佛郁在表，当解之、熏之。若发汗不彻，不足言，阳气佛郁不得越，当汗不汗，其人躁烦，不知痛处，乍在腹中，乍在四肢，按之不可得，其人短气但坐，以汗出不彻故也，更发汗则愈。何以知汗出不彻？以脉涩故知也。" located at cell '病脉证set2'!A17.
   Types: 病脉证
Individual: BMZ00049_脉浮数者，法当汗出而愈。若下之，身重心悸者，不可发汗，当自汗出乃解。所以然者，尺中脉微，此里虚。须表里实，津液自和，便自汗出愈。  # Generated from value "BMZ00049_脉浮数者，法当汗出而愈。若下之，身重心悸者，不可发汗，当自汗出乃解。所以然者，尺中脉微，此里虚。须表里实，津液自和，便自汗出愈。" located at cell '病脉证set2'!A18.
   Types: 病脉证
Individual: BMZ00050_脉浮紧者，法当身疼痛，宜以汗解之。假令尺中迟者，不可发汗。何以知然？以荣气不足，血少故也。  # Generated from value "BMZ00050_脉浮紧者，法当身疼痛，宜以汗解之。假令尺中迟者，不可发汗。何以知然？以荣气不足，血少故也。" located at cell '病脉证set2'!A19.
   Types: 病脉证
Individual: BMZ00051_脉浮者，病在表，可发汗，宜麻黄汤。  # Generated from value "BMZ00051_脉浮者，病在表，可发汗，宜麻黄汤。" located at cell '病脉证set2'!A20.
   Types: 病脉证
Individual: BMZ00052_脉浮而数者，可发汗，宜麻黄汤。  # Generated from value "BMZ00052_脉浮而数者，可发汗，宜麻黄汤。" located at cell '病脉证set2'!A21.
   Types: 病脉证
Individual: BMZ00053_病常自汗出者，此为荣气和，荣气和者，外不谐，以卫气不共荣气谐和故尔。以荣行脉中，卫行脉外，复发其汗，荣卫和则愈，宜桂枝汤。  # Generated from value "BMZ00053_病常自汗出者，此为荣气和，荣气和者，外不谐，以卫气不共荣气谐和故尔。以荣行脉中，卫行脉外，复发其汗，荣卫和则愈，宜桂枝汤。" located at cell '病脉证set2'!A22.
   Types: 病脉证
Individual: BMZ00054_病人脏无他病，时发热、自汗出而不愈者，此卫气不和也。先其时发汗则愈，宜桂枝汤。  # Generated from value "BMZ00054_病人脏无他病，时发热、自汗出而不愈者，此卫气不和也。先其时发汗则愈，宜桂枝汤。" located at cell '病脉证set2'!A23.
   Types: 病脉证
Individual: BMZ00055_伤寒，脉浮紧，不发汗，因致衄者，麻黄汤主之。  # Generated from value "BMZ00055_伤寒，脉浮紧，不发汗，因致衄者，麻黄汤主之。" located at cell '病脉证set2'!A24.
   Types: 病脉证
Individual: BMZ00056_伤寒，不大便六七日，头痛有热者，与承气汤。其小便清者，知不在里，仍在表也，当须发汗，若头痛者，必衄，宜桂枝汤。  # Generated from value "BMZ00056_伤寒，不大便六七日，头痛有热者，与承气汤。其小便清者，知不在里，仍在表也，当须发汗，若头痛者，必衄，宜桂枝汤。" located at cell '病脉证set2'!A25.
   Types: 病脉证
Individual: BMZ00057_伤寒，发汗已解，半日许复烦，脉浮数者，可更发汗，宜桂枝汤。  # Generated from value "BMZ00057_伤寒，发汗已解，半日许复烦，脉浮数者，可更发汗，宜桂枝汤。" located at cell '病脉证set2'!A26.
   Types: 病脉证
Individual: BMZ00058_凡病，若发汗、若吐、若下、若亡血、亡津液，阴阳自和者，必自愈。  # Generated from value "BMZ00058_凡病，若发汗、若吐、若下、若亡血、亡津液，阴阳自和者，必自愈。" located at cell '病脉证set2'!A27.
   Types: 病脉证
Individual: BMZ00059_大下之后，复发汗，小便不利者，亡津液故也。勿治之，得小便利，必自愈。  # Generated from value "BMZ00059_大下之后，复发汗，小便不利者，亡津液故也。勿治之，得小便利，必自愈。" located at cell '病脉证set2'!A28.
   Types: 病脉证
Individual: BMZ00060_下之后，复发汗，必振寒，脉微细。所以然者，以内外俱虚故也。  # Generated from value "BMZ00060_下之后，复发汗，必振寒，脉微细。所以然者，以内外俱虚故也。" located at cell '病脉证set2'!A29.
   Types: 病脉证
Individual: BMZ00061_下之后，复发汗，昼日烦躁不得眠，夜而安静，不呕、不渴、无表证，脉沉微，身无大热者，干姜附子汤主之。  # Generated from value "BMZ00061_下之后，复发汗，昼日烦躁不得眠，夜而安静，不呕、不渴、无表证，脉沉微，身无大热者，干姜附子汤主之。" located at cell '病脉证set2'!A30.
   Types: 病脉证
Individual: BMZ00062_发汗后，身疼痛，脉沉迟者，桂枝加芍药生姜各一两人参三两新加汤主之。  # Generated from value "BMZ00062_发汗后，身疼痛，脉沉迟者，桂枝加芍药生姜各一两人参三两新加汤主之。" located at cell '病脉证set2'!A31.
   Types: 病脉证
Individual: BMZ00063_发汗后，不可更行桂枝汤，汗出而喘，无大热者，可与麻黄杏仁甘草石膏汤。  # Generated from value "BMZ00063_发汗后，不可更行桂枝汤，汗出而喘，无大热者，可与麻黄杏仁甘草石膏汤。" located at cell '病脉证set2'!A32.
   Types: 病脉证
Individual: BMZ00064_发汗过多，其人叉手自冒心，心下悸，欲得按者，桂枝甘草汤主之。  # Generated from value "BMZ00064_发汗过多，其人叉手自冒心，心下悸，欲得按者，桂枝甘草汤主之。" located at cell '病脉证set2'!A33.
   Types: 病脉证
Individual: BMZ00065_发汗后，其人脐下悸者，欲作奔豚，茯苓桂枝甘草大枣汤主之。  # Generated from value "BMZ00065_发汗后，其人脐下悸者，欲作奔豚，茯苓桂枝甘草大枣汤主之。" located at cell '病脉证set2'!A34.
   Types: 病脉证
Individual: BMZ00066_发汗后，腹胀满者，厚朴生姜半夏甘草人参汤主之。  # Generated from value "BMZ00066_发汗后，腹胀满者，厚朴生姜半夏甘草人参汤主之。" located at cell '病脉证set2'!A35.
   Types: 病脉证
Individual: BMZ00067_伤寒，若吐、若下后，心下逆满，气上冲胸，起则头眩，脉沉紧，发汗则动经，身为振振摇者，茯苓桂枝白术甘草汤主之。  # Generated from value "BMZ00067_伤寒，若吐、若下后，心下逆满，气上冲胸，起则头眩，脉沉紧，发汗则动经，身为振振摇者，茯苓桂枝白术甘草汤主之。" located at cell '病脉证set2'!A36.
   Types: 病脉证
Individual: BMZ00068_发汗，病不解，反恶寒者，虚故也，芍药甘草附子汤主之。  # Generated from value "BMZ00068_发汗，病不解，反恶寒者，虚故也，芍药甘草附子汤主之。" located at cell '病脉证set2'!A37.
   Types: 病脉证
Individual: BMZ00069_发汗，若下之，病仍不解，烦躁者，茯苓四逆汤主之。  # Generated from value "BMZ00069_发汗，若下之，病仍不解，烦躁者，茯苓四逆汤主之。" located at cell '病脉证set2'!A38.
   Types: 病脉证
Individual: BMZ00070_发汗后，恶寒者，虚故也；不恶寒，但热者，实也，当和胃气，与调胃承气汤。  # Generated from value "BMZ00070_发汗后，恶寒者，虚故也；不恶寒，但热者，实也，当和胃气，与调胃承气汤。" located at cell '病脉证set2'!A39.
   Types: 病脉证
Individual: BMZ00071_太阳病，发汗后，大汗出，胃中干，烦躁不得眠，欲得饮水者，少少与饮之，令胃气和则愈。若脉浮，小便不利，微热，消渴者，五苓散主之。  # Generated from value "BMZ00071_太阳病，发汗后，大汗出，胃中干，烦躁不得眠，欲得饮水者，少少与饮之，令胃气和则愈。若脉浮，小便不利，微热，消渴者，五苓散主之。" located at cell '病脉证set2'!A40.
   Types: 病脉证
Individual: BMZ00072_发汗已，脉浮数，烦渴者，五苓散主之。  # Generated from value "BMZ00072_发汗已，脉浮数，烦渴者，五苓散主之。" located at cell '病脉证set2'!A41.
   Types: 病脉证
Individual: BMZ00073_伤寒，汗出而渴者，五苓散主之；不渴者，茯苓甘草汤主之。  # Generated from value "BMZ00073_伤寒，汗出而渴者，五苓散主之；不渴者，茯苓甘草汤主之。" located at cell '病脉证set2'!A42.
   Types: 病脉证
Individual: BMZ00074_中风，发热六七日不解而烦，有表里证，渴欲饮水，水入则吐者，名曰水逆，五苓散主之。  # Generated from value "BMZ00074_中风，发热六七日不解而烦，有表里证，渴欲饮水，水入则吐者，名曰水逆，五苓散主之。" located at cell '病脉证set2'!A43.
   Types: 病脉证
Individual: BMZ00075_未持脉时，病人叉手自冒心，师因教试令咳，而不咳者，此必两耳聋无闻也。所以然者，以重发汗，虚故如此。发汗后，饮水多必喘，以水灌之亦喘。  # Generated from value "BMZ00075_未持脉时，病人叉手自冒心，师因教试令咳，而不咳者，此必两耳聋无闻也。所以然者，以重发汗，虚故如此。发汗后，饮水多必喘，以水灌之亦喘。" located at cell '病脉证set2'!A44.
   Types: 病脉证
Individual: BMZ00076_发汗后，水药不得入口，为逆；若更发汗，必吐下不止。发汗吐下后，虚烦不得眠，若剧者，必反覆颠倒，心中懊[插图]，栀子豉汤主之；若少气者，栀子甘草豉汤主之；若呕者，栀子生姜豉汤主之。  # Generated from value "BMZ00076_发汗后，水药不得入口，为逆；若更发汗，必吐下不止。发汗吐下后，虚烦不得眠，若剧者，必反覆颠倒，心中懊[插图]，栀子豉汤主之；若少气者，栀子甘草豉汤主之；若呕者，栀子生姜豉汤主之。" located at cell '病脉证set2'!A45.
   Types: 病脉证
Individual: BMZ00077_发汗，若下之，而烦热、胸中窒者，栀子豉汤主之。  # Generated from value "BMZ00077_发汗，若下之，而烦热、胸中窒者，栀子豉汤主之。" located at cell '病脉证set2'!A46.
   Types: 病脉证
Individual: BMZ00078_伤寒五六日，大下之后，身热不去，心中结痛者，未欲解也，栀子豉汤主之。  # Generated from value "BMZ00078_伤寒五六日，大下之后，身热不去，心中结痛者，未欲解也，栀子豉汤主之。" located at cell '病脉证set2'!A47.
   Types: 病脉证
Individual: BMZ00079_伤寒，下后，心烦，腹满，卧起不安者，栀子厚朴汤主之。  # Generated from value "BMZ00079_伤寒，下后，心烦，腹满，卧起不安者，栀子厚朴汤主之。" located at cell '病脉证set2'!A48.
   Types: 病脉证
Individual: BMZ00080_伤寒，医以丸药大下之，身热不去，微烦者，栀子干姜汤主之。  # Generated from value "BMZ00080_伤寒，医以丸药大下之，身热不去，微烦者，栀子干姜汤主之。" located at cell '病脉证set2'!A49.
   Types: 病脉证
Individual: BMZ00081_凡用栀子汤，病人旧微溏者，不可与服之。  # Generated from value "BMZ00081_凡用栀子汤，病人旧微溏者，不可与服之。" located at cell '病脉证set2'!A50.
   Types: 病脉证
Individual: BMZ00082_太阳病，发汗，汗出不解，其人仍发热，心下悸，头眩，身[插图]动，振振欲擗地者，真武汤主之。  # Generated from value "BMZ00082_太阳病，发汗，汗出不解，其人仍发热，心下悸，头眩，身[插图]动，振振欲擗地者，真武汤主之。" located at cell '病脉证set2'!A51.
   Types: 病脉证
Individual: BMZ00083_咽喉干燥者，不可发汗。  # Generated from value "BMZ00083_咽喉干燥者，不可发汗。" located at cell '病脉证set2'!A52.
   Types: 病脉证
Individual: BMZ00084_淋家，不可发汗，发汗必便血。  # Generated from value "BMZ00084_淋家，不可发汗，发汗必便血。" located at cell '病脉证set2'!A53.
   Types: 病脉证
Individual: BMZ00085_疮家，虽身疼痛，不可发汗，汗出则痉。  # Generated from value "BMZ00085_疮家，虽身疼痛，不可发汗，汗出则痉。" located at cell '病脉证set2'!A54.
   Types: 病脉证
Individual: BMZ00086_衄家，不可发汗，汗出必额上陷，脉急紧，直视不能眴，不得眠。  # Generated from value "BMZ00086_衄家，不可发汗，汗出必额上陷，脉急紧，直视不能眴，不得眠。" located at cell '病脉证set2'!A55.
   Types: 病脉证
Individual: BMZ00087_亡血家，不可发汗，发汗则寒栗而振。  # Generated from value "BMZ00087_亡血家，不可发汗，发汗则寒栗而振。" located at cell '病脉证set2'!A56.
   Types: 病脉证
Individual: BMZ00088_汗家，重发汗，必恍惚心乱，小便已阴疼，与禹余粮丸。  # Generated from value "BMZ00088_汗家，重发汗，必恍惚心乱，小便已阴疼，与禹余粮丸。" located at cell '病脉证set2'!A57.
   Types: 病脉证
Individual: BMZ00089_方本阙。病人有寒，复发汗，胃中冷，必吐蛔。  # Generated from value "BMZ00089_方本阙。病人有寒，复发汗，胃中冷，必吐蛔。" located at cell '病脉证set2'!A58.
   Types: 病脉证
Individual: BMZ00090_本发汗，而复下之，此为逆也；若先发汗，治不为逆。本先下之，而反汗之，为逆；若先下之，治不为逆。  # Generated from value "BMZ00090_本发汗，而复下之，此为逆也；若先发汗，治不为逆。本先下之，而反汗之，为逆；若先下之，治不为逆。" located at cell '病脉证set2'!A59.
   Types: 病脉证
Individual: BMZ00091_伤寒，医下之，续得下利清谷不止，身疼痛者，急当救里；后身疼痛，清便自调者，急当救表。救里宜四逆汤，救表宜桂枝汤。  # Generated from value "BMZ00091_伤寒，医下之，续得下利清谷不止，身疼痛者，急当救里；后身疼痛，清便自调者，急当救表。救里宜四逆汤，救表宜桂枝汤。" located at cell '病脉证set2'!A60.
   Types: 病脉证
Individual: BMZ00092_病发热头痛，脉反沉，若不差，身体疼痛，当救其里，四逆汤方。  # Generated from value "BMZ00092_病发热头痛，脉反沉，若不差，身体疼痛，当救其里，四逆汤方。" located at cell '病脉证set2'!A61.
   Types: 病脉证
Individual: BMZ00093_太阳病，先下而不愈，因复发汗，以此表里俱虚，其人因致冒，冒家汗出自愈。所以然者，汗出表和故也。里未和，然后复下之。  # Generated from value "BMZ00093_太阳病，先下而不愈，因复发汗，以此表里俱虚，其人因致冒，冒家汗出自愈。所以然者，汗出表和故也。里未和，然后复下之。" located at cell '病脉证set2'!A62.
   Types: 病脉证
Individual: BMZ00094_太阳病未解，脉阴阳俱停（一作微），必先振栗汗出而解。但阳脉微者，先汗出而解；但阴脉微（一作尺脉实）者，下之而解。若欲下之，宜调胃承气汤。  # Generated from value "BMZ00094_太阳病未解，脉阴阳俱停（一作微），必先振栗汗出而解。但阳脉微者，先汗出而解；但阴脉微（一作尺脉实）者，下之而解。若欲下之，宜调胃承气汤。" located at cell '病脉证set2'!A63.
   Types: 病脉证
Individual: BMZ00095_太阳病，发热、汗出者，此为荣弱卫强，故使汗出。欲救邪风者，宜桂枝汤。  # Generated from value "BMZ00095_太阳病，发热、汗出者，此为荣弱卫强，故使汗出。欲救邪风者，宜桂枝汤。" located at cell '病脉证set2'!A64.
   Types: 病脉证
Individual: BMZ00096_伤寒五六日，中风，往来寒热，胸胁苦满，嘿嘿不欲饮食，心烦，喜呕，或胸中烦而不呕，或渴，或腹中痛，或胁下痞鞕，或心下悸、小便不利，或不渴、身有微热，或咳者，小柴胡汤主之。  # Generated from value "BMZ00096_伤寒五六日，中风，往来寒热，胸胁苦满，嘿嘿不欲饮食，心烦，喜呕，或胸中烦而不呕，或渴，或腹中痛，或胁下痞鞕，或心下悸、小便不利，或不渴、身有微热，或咳者，小柴胡汤主之。" located at cell '病脉证set2'!A65.
   Types: 病脉证
Individual: BMZ00097_血弱气尽，腠理开，邪气因入，与正气相搏，结于胁下。正邪分争，往来寒热，休作有时，嘿嘿不欲饮食，脏腑相连，其痛必下，邪高痛下，故使呕也。小柴胡汤主之。服柴胡汤已，渴者，属阳明，以法治之。  # Generated from value "BMZ00097_血弱气尽，腠理开，邪气因入，与正气相搏，结于胁下。正邪分争，往来寒热，休作有时，嘿嘿不欲饮食，脏腑相连，其痛必下，邪高痛下，故使呕也。小柴胡汤主之。服柴胡汤已，渴者，属阳明，以法治之。" located at cell '病脉证set2'!A66.
   Types: 病脉证
Individual: BMZ00098_得病六七日，脉迟浮弱，恶风寒，手足温。医二三下之，不能食，而胁下满痛，面目及身黄，颈项强，小便难者，与柴胡汤，后必下重。本渴饮水而呕者，柴胡汤不中与也，食谷者哕。  # Generated from value "BMZ00098_得病六七日，脉迟浮弱，恶风寒，手足温。医二三下之，不能食，而胁下满痛，面目及身黄，颈项强，小便难者，与柴胡汤，后必下重。本渴饮水而呕者，柴胡汤不中与也，食谷者哕。" located at cell '病脉证set2'!A67.
   Types: 病脉证
Individual: BMZ00099_伤寒四五日，身热，恶风，颈项强，胁下满，手足温而渴者，小柴胡汤主之。  # Generated from value "BMZ00099_伤寒四五日，身热，恶风，颈项强，胁下满，手足温而渴者，小柴胡汤主之。" located at cell '病脉证set2'!A68.
   Types: 病脉证
Individual: BMZ00100_伤寒，阳脉涩，阴脉弦，法当腹中急痛，先与小建中汤，不差者，小柴胡汤主之。  # Generated from value "BMZ00100_伤寒，阳脉涩，阴脉弦，法当腹中急痛，先与小建中汤，不差者，小柴胡汤主之。" located at cell '病脉证set2'!A69.
   Types: 病脉证
Individual: BMZ00101_伤寒中风，有柴胡证，但见一证便是，不必悉具。凡柴胡汤病证而下之，若柴胡证不罢者，复与柴胡汤，必蒸蒸而振，却复发热汗出而解。  # Generated from value "BMZ00101_伤寒中风，有柴胡证，但见一证便是，不必悉具。凡柴胡汤病证而下之，若柴胡证不罢者，复与柴胡汤，必蒸蒸而振，却复发热汗出而解。" located at cell '病脉证set2'!A70.
   Types: 病脉证
Individual: BMZ00102_伤寒二三日，心中悸而烦者，小建中汤主之。  # Generated from value "BMZ00102_伤寒二三日，心中悸而烦者，小建中汤主之。" located at cell '病脉证set2'!A71.
   Types: 病脉证
Individual: BMZ00103_太阳病，过经十余日，反二三下之，后四五日，柴胡证仍在者，先与小柴胡。呕不止，心下急，郁郁微烦者，为未解也，与大柴胡汤，下之则愈。  # Generated from value "BMZ00103_太阳病，过经十余日，反二三下之，后四五日，柴胡证仍在者，先与小柴胡。呕不止，心下急，郁郁微烦者，为未解也，与大柴胡汤，下之则愈。" located at cell '病脉证set2'!A72.
   Types: 病脉证
Individual: BMZ00104_太阳病，过经十余日，反二三下之，后四五日，柴胡证仍在者，先与小柴胡。呕不止，心下急，郁郁微烦者，为未解也，与大柴胡汤，下之则愈。  # Generated from value "BMZ00104_太阳病，过经十余日，反二三下之，后四五日，柴胡证仍在者，先与小柴胡。呕不止，心下急，郁郁微烦者，为未解也，与大柴胡汤，下之则愈。" located at cell '病脉证set2'!A73.
   Types: 病脉证
Individual: BMZ00105_伤寒十三日，过经，谵语者，以有热也，当以汤下之。若小便利者，大便当鞕，而反下利，脉调和者，知医以丸药下之，非其治也。若自下利者，脉当微厥，今反和者，此为内实也，调胃承气汤主之。  # Generated from value "BMZ00105_伤寒十三日，过经，谵语者，以有热也，当以汤下之。若小便利者，大便当鞕，而反下利，脉调和者，知医以丸药下之，非其治也。若自下利者，脉当微厥，今反和者，此为内实也，调胃承气汤主之。" located at cell '病脉证set2'!A74.
   Types: 病脉证
Individual: BMZ00106_太阳病不解，热结膀胱，其人如狂，血自下，下者愈。其外不解者，尚未可攻，当先解其外；外解已，但少腹急结者，乃可攻之，宜桃核承气汤。  # Generated from value "BMZ00106_太阳病不解，热结膀胱，其人如狂，血自下，下者愈。其外不解者，尚未可攻，当先解其外；外解已，但少腹急结者，乃可攻之，宜桃核承气汤。" located at cell '病脉证set2'!A75.
   Types: 病脉证
Individual: BMZ00107_伤寒八九日，下之，胸满烦惊，小便不利，谵语，一身尽重，不可转侧者，柴胡加龙骨牡蛎汤主之。  # Generated from value "BMZ00107_伤寒八九日，下之，胸满烦惊，小便不利，谵语，一身尽重，不可转侧者，柴胡加龙骨牡蛎汤主之。" located at cell '病脉证set2'!A76.
   Types: 病脉证
Individual: BMZ00108_伤寒，腹满谵语，寸口脉浮而紧，此肝乘脾也，名曰纵，刺期门。  # Generated from value "BMZ00108_伤寒，腹满谵语，寸口脉浮而紧，此肝乘脾也，名曰纵，刺期门。" located at cell '病脉证set2'!A77.
   Types: 病脉证
Individual: BMZ00109_伤寒，发热，啬啬恶寒，大渴欲饮水，其腹必满，自汗出，小便利，其病欲解，此肝乘肺也，名曰横，刺期门。  # Generated from value "BMZ00109_伤寒，发热，啬啬恶寒，大渴欲饮水，其腹必满，自汗出，小便利，其病欲解，此肝乘肺也，名曰横，刺期门。" located at cell '病脉证set2'!A78.
   Types: 病脉证
Individual: BMZ00110_太阳病二日，反躁，凡熨其背，而大汗出，大热入胃，胃中水竭，躁烦，必发谵语。十余日，振栗，自下利者，此为欲解也。故其汗从腰以下不得汗，欲小便不得，反呕，欲失溲，足下恶风，大便鞕，小便当数，而反不数及不多，大便已，头卓然而痛，其人足心必热，谷气下流故也。  # Generated from value "BMZ00110_太阳病二日，反躁，凡熨其背，而大汗出，大热入胃，胃中水竭，躁烦，必发谵语。十余日，振栗，自下利者，此为欲解也。故其汗从腰以下不得汗，欲小便不得，反呕，欲失溲，足下恶风，大便鞕，小便当数，而反不数及不多，大便已，头卓然而痛，其人足心必热，谷气下流故也。" located at cell '病脉证set2'!A79.
   Types: 病脉证
Individual: BMZ00111_太阳病中风，以火劫发汗，邪风被火热，血气流溢，失其常度。两阳相熏灼，其身发黄。阳盛则欲衄，阴虚小便难。阴阳俱虚竭，身体则枯燥，但头汗出，剂颈而还，腹满微喘，口干咽烂，或不大便，久则谵语，甚者至哕，手足躁扰，捻衣摸床。小便利者，其人可治。  # Generated from value "BMZ00111_太阳病中风，以火劫发汗，邪风被火热，血气流溢，失其常度。两阳相熏灼，其身发黄。阳盛则欲衄，阴虚小便难。阴阳俱虚竭，身体则枯燥，但头汗出，剂颈而还，腹满微喘，口干咽烂，或不大便，久则谵语，甚者至哕，手足躁扰，捻衣摸床。小便利者，其人可治。" located at cell '病脉证set2'!A80.
   Types: 病脉证
Individual: BMZ00112_伤寒，脉浮，医以火迫劫之，亡阳，必惊狂，卧起不安者，桂枝去芍药加蜀漆牡蛎龙骨救逆汤主之。  # Generated from value "BMZ00112_伤寒，脉浮，医以火迫劫之，亡阳，必惊狂，卧起不安者，桂枝去芍药加蜀漆牡蛎龙骨救逆汤主之。" located at cell '病脉证set2'!A81.
   Types: 病脉证
Individual: BMZ00113_形作伤寒，其脉不弦紧而弱。弱者必渴，被火必谵语。弱者发热、脉浮，解之，当汗出愈。  # Generated from value "BMZ00113_形作伤寒，其脉不弦紧而弱。弱者必渴，被火必谵语。弱者发热、脉浮，解之，当汗出愈。" located at cell '病脉证set2'!A82.
   Types: 病脉证
Individual: BMZ00114_太阳病，以火熏之，不得汗，其人必躁，到经不解，必清血，名为火邪。  # Generated from value "BMZ00114_太阳病，以火熏之，不得汗，其人必躁，到经不解，必清血，名为火邪。" located at cell '病脉证set2'!A83.
   Types: 病脉证
Individual: BMZ00115_脉浮热甚，而反灸之，此为实，实以虚治，因火而动，必咽燥吐血。  # Generated from value "BMZ00115_脉浮热甚，而反灸之，此为实，实以虚治，因火而动，必咽燥吐血。" located at cell '病脉证set2'!A84.
   Types: 病脉证
Individual: BMZ00116_微数之脉，慎不可灸，因火为邪，则为烦逆，追虚逐实，血散脉中，火气虽微，内攻有力，焦骨伤筋，血难复也。脉浮，宜以汗解，用火灸之，邪无从出，因火而盛，病从腰以下必重而痹，名火逆也。欲自解者，必当先烦，烦乃有汗而解。何以知之？脉浮，故知汗出解。  # Generated from value "BMZ00116_微数之脉，慎不可灸，因火为邪，则为烦逆，追虚逐实，血散脉中，火气虽微，内攻有力，焦骨伤筋，血难复也。脉浮，宜以汗解，用火灸之，邪无从出，因火而盛，病从腰以下必重而痹，名火逆也。欲自解者，必当先烦，烦乃有汗而解。何以知之？脉浮，故知汗出解。" located at cell '病脉证set2'!A85.
   Types: 病脉证
Individual: BMZ00117_烧针令其汗，针处被寒，核起而赤者，必发奔豚，气从少腹上冲心者，灸其核上各一壮，与桂枝加桂汤，更加桂枝二两也。  # Generated from value "BMZ00117_烧针令其汗，针处被寒，核起而赤者，必发奔豚，气从少腹上冲心者，灸其核上各一壮，与桂枝加桂汤，更加桂枝二两也。" located at cell '病脉证set2'!A86.
   Types: 病脉证
Individual: BMZ00118_火逆下之，因烧针烦躁者，桂枝甘草龙骨牡蛎汤主之。  # Generated from value "BMZ00118_火逆下之，因烧针烦躁者，桂枝甘草龙骨牡蛎汤主之。" located at cell '病脉证set2'!A87.
   Types: 病脉证
Individual: BMZ00119_太阳伤寒者，加温针必惊也。  # Generated from value "BMZ00119_太阳伤寒者，加温针必惊也。" located at cell '病脉证set2'!A88.
   Types: 病脉证
Individual: BMZ00120_太阳病，当恶寒、发热，今自汗出，反不恶寒、发热，关上脉细数者，以医吐之过也。一二日吐之者，腹中饥，口不能食；三四日吐之者，不喜糜粥，欲食冷食，朝食暮吐。以医吐之所致也，此为小逆。  # Generated from value "BMZ00120_太阳病，当恶寒、发热，今自汗出，反不恶寒、发热，关上脉细数者，以医吐之过也。一二日吐之者，腹中饥，口不能食；三四日吐之者，不喜糜粥，欲食冷食，朝食暮吐。以医吐之所致也，此为小逆。" located at cell '病脉证set2'!A89.
   Types: 病脉证
Individual: BMZ00121_太阳病，吐之，但太阳病当恶寒，今反不恶寒，不欲近衣，此为吐之内烦也。  # Generated from value "BMZ00121_太阳病，吐之，但太阳病当恶寒，今反不恶寒，不欲近衣，此为吐之内烦也。" located at cell '病脉证set2'!A90.
   Types: 病脉证
Individual: BMZ00122_病人脉数，数为热，当消谷引食，而反吐者，此以发汗令阳气微、膈气虚，脉乃数也。数为客热，不能消谷，以胃中虚冷，故吐也。  # Generated from value "BMZ00122_病人脉数，数为热，当消谷引食，而反吐者，此以发汗令阳气微、膈气虚，脉乃数也。数为客热，不能消谷，以胃中虚冷，故吐也。" located at cell '病脉证set2'!A91.
   Types: 病脉证
Individual: BMZ00123_太阳病过经十余日，心下温温欲吐，而胸中痛，大便反溏，腹微满，郁郁微烦。先此时自极吐下者，与调胃承气汤。若不尔者，不可与。但欲呕，胸中痛，微溏者，此非柴胡汤证，以呕，故知极吐下也。  # Generated from value "BMZ00123_太阳病过经十余日，心下温温欲吐，而胸中痛，大便反溏，腹微满，郁郁微烦。先此时自极吐下者，与调胃承气汤。若不尔者，不可与。但欲呕，胸中痛，微溏者，此非柴胡汤证，以呕，故知极吐下也。" located at cell '病脉证set2'!A92.
   Types: 病脉证
Individual: BMZ00124_太阳病六七日，表证仍在，脉微而沉，反不结胸，其人发狂者，以热在下焦，少腹当鞕满，小便自利者，下血乃愈。所以然者，以太阳随经，瘀热在里故也，抵当汤主之。  # Generated from value "BMZ00124_太阳病六七日，表证仍在，脉微而沉，反不结胸，其人发狂者，以热在下焦，少腹当鞕满，小便自利者，下血乃愈。所以然者，以太阳随经，瘀热在里故也，抵当汤主之。" located at cell '病脉证set2'!A93.
   Types: 病脉证
Individual: BMZ00125_太阳病，身黄，脉沉结，少腹鞕，小便不利者，为无血也。小便自利，其人如狂者，血证谛也，抵当汤主之。（125）  # Generated from value "BMZ00125_太阳病，身黄，脉沉结，少腹鞕，小便不利者，为无血也。小便自利，其人如狂者，血证谛也，抵当汤主之。（125）" located at cell '病脉证set2'!A94.
   Types: 病脉证
Individual: BMZ00126_伤寒，有热，少腹满，应小便不利，今反利者，为有血也，当下之，不可余药，宜抵当丸。  # Generated from value "BMZ00126_伤寒，有热，少腹满，应小便不利，今反利者，为有血也，当下之，不可余药，宜抵当丸。" located at cell '病脉证set2'!A95.
   Types: 病脉证
Individual: BMZ00127_太阳病，小便利者，以饮水多，必心下悸；小便少者，必苦里急也。  # Generated from value "BMZ00127_太阳病，小便利者，以饮水多，必心下悸；小便少者，必苦里急也。" located at cell '病脉证set2'!A96.
   Types: 病脉证
Individual: BMZ00031_太阳病，项背强几几，无汗，恶风，葛根汤主之  # Generated from value "BMZ00031_太阳病，项背强几几，无汗，恶风，葛根汤主之" located at cell '病脉证set2'!A97.
   Types: 02_病脉证
Individual: BMZ00032_太阳与阳明合病者，必自下利，葛根汤主之。  # Generated from value "BMZ00032_太阳与阳明合病者，必自下利，葛根汤主之。" located at cell '病脉证set2'!A98.
   Types: 02_病脉证
Individual: BMZ00033_太阳与阳明合病，不下利，但呕者，葛根加半夏汤主之。  # Generated from value "BMZ00033_太阳与阳明合病，不下利，但呕者，葛根加半夏汤主之。" located at cell '病脉证set2'!A99.
   Types: 02_病脉证
Individual: BMZ00034_太阳病，桂枝证，医反下之，利遂不止。脉促者，表未解也。喘而汗出者，葛根黄芩黄连汤主之。  # Generated from value "BMZ00034_太阳病，桂枝证，医反下之，利遂不止。脉促者，表未解也。喘而汗出者，葛根黄芩黄连汤主之。" located at cell '病脉证set2'!A100.
   Types: 02_病脉证
Individual: BMZ00035_太阳病，头痛，发热，身疼，腰痛，骨节疼痛，恶风，无汗而喘者，麻黄汤主之。  # Generated from value "BMZ00035_太阳病，头痛，发热，身疼，腰痛，骨节疼痛，恶风，无汗而喘者，麻黄汤主之。" located at cell '病脉证set2'!A101.
   Types: 02_病脉证
Individual: BMZ00036_太阳与阳明合病，喘而胸满者，不可下，宜麻黄汤。  # Generated from value "BMZ00036_太阳与阳明合病，喘而胸满者，不可下，宜麻黄汤。" located at cell '病脉证set2'!A102.
   Types: 02_病脉证
Individual: BMZ00037_太阳病十日以去，脉浮细而嗜卧者，外已解也。设胸满胁痛者，与小柴胡汤；脉但浮者，与麻黄汤。  # Generated from value "BMZ00037_太阳病十日以去，脉浮细而嗜卧者，外已解也。设胸满胁痛者，与小柴胡汤；脉但浮者，与麻黄汤。" located at cell '病脉证set2'!A103.
   Types: 02_病脉证
Individual: BMZ00038_太阳中风，脉浮紧，发热，恶寒，身疼痛，不汗出而烦躁者，大青龙汤主之。若脉微弱，汗出恶风者，不可服之。服之则厥逆，筋惕肉[插图]，此为逆也。  # Generated from value "BMZ00038_太阳中风，脉浮紧，发热，恶寒，身疼痛，不汗出而烦躁者，大青龙汤主之。若脉微弱，汗出恶风者，不可服之。服之则厥逆，筋惕肉[插图]，此为逆也。" located at cell '病脉证set2'!A104.
   Types: 02_病脉证
Individual: BMZ00039_伤寒，脉浮缓，身不疼，但重，乍有轻时，无少阴证者，大青龙汤发之。  # Generated from value "BMZ00039_伤寒，脉浮缓，身不疼，但重，乍有轻时，无少阴证者，大青龙汤发之。" located at cell '病脉证set2'!A105.
   Types: 02_病脉证
Individual: BMZ00042_太阳病外证未解，脉浮弱者，当以汗解，宜桂枝汤。  # Generated from value "BMZ00042_太阳病外证未解，脉浮弱者，当以汗解，宜桂枝汤。" located at cell '病脉证set2'!A106.
   Types: 02_病脉证
Individual: BMZ00043_太阳病，下之微喘者，表未解故也，桂枝加厚朴杏子汤主之。  # Generated from value "BMZ00043_太阳病，下之微喘者，表未解故也，桂枝加厚朴杏子汤主之。" located at cell '病脉证set2'!A107.
   Types: 02_病脉证
Individual: BMZ00044_太阳病外证未解，不可下也，下之为逆。欲解外者，宜桂枝汤。  # Generated from value "BMZ00044_太阳病外证未解，不可下也，下之为逆。欲解外者，宜桂枝汤。" located at cell '病脉证set2'!A108.
   Types: 02_病脉证
Individual: BMZ00045_太阳病，先发汗不解，而复下之，脉浮者不愈。浮为在外，而反下之，故令不愈。今脉浮，故在外，当须解外则愈，宜桂枝汤。  # Generated from value "BMZ00045_太阳病，先发汗不解，而复下之，脉浮者不愈。浮为在外，而反下之，故令不愈。今脉浮，故在外，当须解外则愈，宜桂枝汤。" located at cell '病脉证set2'!A109.
   Types: 02_病脉证
Individual: BMZ00046_太阳病，脉浮紧，无汗，发热，身疼痛，八九日不解，表证仍在，此当发其汗。服药已微除，其人发烦目瞑，剧者必衄，衄乃解。所以然者，阳气重故也。麻黄汤主之。  # Generated from value "BMZ00046_太阳病，脉浮紧，无汗，发热，身疼痛，八九日不解，表证仍在，此当发其汗。服药已微除，其人发烦目瞑，剧者必衄，衄乃解。所以然者，阳气重故也。麻黄汤主之。" located at cell '病脉证set2'!A110.
   Types: 02_病脉证
Individual: BMZ00047_太阳病，脉浮紧，发热，身无汗，自衄者愈。  # Generated from value "BMZ00047_太阳病，脉浮紧，发热，身无汗，自衄者愈。" located at cell '病脉证set2'!A111.
   Types: 02_病脉证
Individual: BMZ00048_二阳并病，太阳初得病时，发其汗，汗先出不彻，因转属阳明，续自微汗出，不恶寒。若太阳病证不罢者，不可下，下之为逆，如此可小发汗。设面色缘缘正赤者，阳气佛郁在表，当解之、熏之。若发汗不彻，不足言，阳气佛郁不得越，当汗不汗，其人躁烦，不知痛处，乍在腹中，乍在四肢，按之不可得，其人短气但坐，以汗出不彻故也，更发汗则愈。何以知汗出不彻？以脉涩故知也。  # Generated from value "BMZ00048_二阳并病，太阳初得病时，发其汗，汗先出不彻，因转属阳明，续自微汗出，不恶寒。若太阳病证不罢者，不可下，下之为逆，如此可小发汗。设面色缘缘正赤者，阳气佛郁在表，当解之、熏之。若发汗不彻，不足言，阳气佛郁不得越，当汗不汗，其人躁烦，不知痛处，乍在腹中，乍在四肢，按之不可得，其人短气但坐，以汗出不彻故也，更发汗则愈。何以知汗出不彻？以脉涩故知也。" located at cell '病脉证set2'!A112.
   Types: 02_病脉证
Individual: BMZ00049_脉浮数者，法当汗出而愈。若下之，身重心悸者，不可发汗，当自汗出乃解。所以然者，尺中脉微，此里虚。须表里实，津液自和，便自汗出愈。  # Generated from value "BMZ00049_脉浮数者，法当汗出而愈。若下之，身重心悸者，不可发汗，当自汗出乃解。所以然者，尺中脉微，此里虚。须表里实，津液自和，便自汗出愈。" located at cell '病脉证set2'!A113.
   Types: 02_病脉证
Individual: BMZ00050_脉浮紧者，法当身疼痛，宜以汗解之。假令尺中迟者，不可发汗。何以知然？以荣气不足，血少故也。  # Generated from value "BMZ00050_脉浮紧者，法当身疼痛，宜以汗解之。假令尺中迟者，不可发汗。何以知然？以荣气不足，血少故也。" located at cell '病脉证set2'!A114.
   Types: 02_病脉证
Individual: BMZ00051_脉浮者，病在表，可发汗，宜麻黄汤。  # Generated from value "BMZ00051_脉浮者，病在表，可发汗，宜麻黄汤。" located at cell '病脉证set2'!A115.
   Types: 02_病脉证
Individual: BMZ00052_脉浮而数者，可发汗，宜麻黄汤。  # Generated from value "BMZ00052_脉浮而数者，可发汗，宜麻黄汤。" located at cell '病脉证set2'!A116.
   Types: 02_病脉证
Individual: BMZ00053_病常自汗出者，此为荣气和，荣气和者，外不谐，以卫气不共荣气谐和故尔。以荣行脉中，卫行脉外，复发其汗，荣卫和则愈，宜桂枝汤。  # Generated from value "BMZ00053_病常自汗出者，此为荣气和，荣气和者，外不谐，以卫气不共荣气谐和故尔。以荣行脉中，卫行脉外，复发其汗，荣卫和则愈，宜桂枝汤。" located at cell '病脉证set2'!A117.
   Types: 02_病脉证
Individual: BMZ00054_病人脏无他病，时发热、自汗出而不愈者，此卫气不和也。先其时发汗则愈，宜桂枝汤。  # Generated from value "BMZ00054_病人脏无他病，时发热、自汗出而不愈者，此卫气不和也。先其时发汗则愈，宜桂枝汤。" located at cell '病脉证set2'!A118.
   Types: 02_病脉证
Individual: BMZ00055_伤寒，脉浮紧，不发汗，因致衄者，麻黄汤主之。  # Generated from value "BMZ00055_伤寒，脉浮紧，不发汗，因致衄者，麻黄汤主之。" located at cell '病脉证set2'!A119.
   Types: 02_病脉证
Individual: BMZ00056_伤寒，不大便六七日，头痛有热者，与承气汤。其小便清者，知不在里，仍在表也，当须发汗，若头痛者，必衄，宜桂枝汤。  # Generated from value "BMZ00056_伤寒，不大便六七日，头痛有热者，与承气汤。其小便清者，知不在里，仍在表也，当须发汗，若头痛者，必衄，宜桂枝汤。" located at cell '病脉证set2'!A120.
   Types: 02_病脉证
Individual: BMZ00057_伤寒，发汗已解，半日许复烦，脉浮数者，可更发汗，宜桂枝汤。  # Generated from value "BMZ00057_伤寒，发汗已解，半日许复烦，脉浮数者，可更发汗，宜桂枝汤。" located at cell '病脉证set2'!A121.
   Types: 02_病脉证
Individual: BMZ00058_凡病，若发汗、若吐、若下、若亡血、亡津液，阴阳自和者，必自愈。  # Generated from value "BMZ00058_凡病，若发汗、若吐、若下、若亡血、亡津液，阴阳自和者，必自愈。" located at cell '病脉证set2'!A122.
   Types: 02_病脉证
Individual: BMZ00059_大下之后，复发汗，小便不利者，亡津液故也。勿治之，得小便利，必自愈。  # Generated from value "BMZ00059_大下之后，复发汗，小便不利者，亡津液故也。勿治之，得小便利，必自愈。" located at cell '病脉证set2'!A123.
   Types: 02_病脉证
Individual: BMZ00060_下之后，复发汗，必振寒，脉微细。所以然者，以内外俱虚故也。  # Generated from value "BMZ00060_下之后，复发汗，必振寒，脉微细。所以然者，以内外俱虚故也。" located at cell '病脉证set2'!A124.
   Types: 02_病脉证
Individual: BMZ00061_下之后，复发汗，昼日烦躁不得眠，夜而安静，不呕、不渴、无表证，脉沉微，身无大热者，干姜附子汤主之。  # Generated from value "BMZ00061_下之后，复发汗，昼日烦躁不得眠，夜而安静，不呕、不渴、无表证，脉沉微，身无大热者，干姜附子汤主之。" located at cell '病脉证set2'!A125.
   Types: 02_病脉证
Individual: BMZ00062_发汗后，身疼痛，脉沉迟者，桂枝加芍药生姜各一两人参三两新加汤主之。  # Generated from value "BMZ00062_发汗后，身疼痛，脉沉迟者，桂枝加芍药生姜各一两人参三两新加汤主之。" located at cell '病脉证set2'!A126.
   Types: 02_病脉证
Individual: BMZ00063_发汗后，不可更行桂枝汤，汗出而喘，无大热者，可与麻黄杏仁甘草石膏汤。  # Generated from value "BMZ00063_发汗后，不可更行桂枝汤，汗出而喘，无大热者，可与麻黄杏仁甘草石膏汤。" located at cell '病脉证set2'!A127.
   Types: 02_病脉证
Individual: BMZ00064_发汗过多，其人叉手自冒心，心下悸，欲得按者，桂枝甘草汤主之。  # Generated from value "BMZ00064_发汗过多，其人叉手自冒心，心下悸，欲得按者，桂枝甘草汤主之。" located at cell '病脉证set2'!A128.
   Types: 02_病脉证
Individual: BMZ00065_发汗后，其人脐下悸者，欲作奔豚，茯苓桂枝甘草大枣汤主之。  # Generated from value "BMZ00065_发汗后，其人脐下悸者，欲作奔豚，茯苓桂枝甘草大枣汤主之。" located at cell '病脉证set2'!A129.
   Types: 02_病脉证
Individual: BMZ00066_发汗后，腹胀满者，厚朴生姜半夏甘草人参汤主之。  # Generated from value "BMZ00066_发汗后，腹胀满者，厚朴生姜半夏甘草人参汤主之。" located at cell '病脉证set2'!A130.
   Types: 02_病脉证
Individual: BMZ00067_伤寒，若吐、若下后，心下逆满，气上冲胸，起则头眩，脉沉紧，发汗则动经，身为振振摇者，茯苓桂枝白术甘草汤主之。  # Generated from value "BMZ00067_伤寒，若吐、若下后，心下逆满，气上冲胸，起则头眩，脉沉紧，发汗则动经，身为振振摇者，茯苓桂枝白术甘草汤主之。" located at cell '病脉证set2'!A131.
   Types: 02_病脉证
Individual: BMZ00068_发汗，病不解，反恶寒者，虚故也，芍药甘草附子汤主之。  # Generated from value "BMZ00068_发汗，病不解，反恶寒者，虚故也，芍药甘草附子汤主之。" located at cell '病脉证set2'!A132.
   Types: 02_病脉证
Individual: BMZ00069_发汗，若下之，病仍不解，烦躁者，茯苓四逆汤主之。  # Generated from value "BMZ00069_发汗，若下之，病仍不解，烦躁者，茯苓四逆汤主之。" located at cell '病脉证set2'!A133.
   Types: 02_病脉证
Individual: BMZ00070_发汗后，恶寒者，虚故也；不恶寒，但热者，实也，当和胃气，与调胃承气汤。  # Generated from value "BMZ00070_发汗后，恶寒者，虚故也；不恶寒，但热者，实也，当和胃气，与调胃承气汤。" located at cell '病脉证set2'!A134.
   Types: 02_病脉证
Individual: BMZ00071_太阳病，发汗后，大汗出，胃中干，烦躁不得眠，欲得饮水者，少少与饮之，令胃气和则愈。若脉浮，小便不利，微热，消渴者，五苓散主之。  # Generated from value "BMZ00071_太阳病，发汗后，大汗出，胃中干，烦躁不得眠，欲得饮水者，少少与饮之，令胃气和则愈。若脉浮，小便不利，微热，消渴者，五苓散主之。" located at cell '病脉证set2'!A135.
   Types: 02_病脉证
Individual: BMZ00072_发汗已，脉浮数，烦渴者，五苓散主之。  # Generated from value "BMZ00072_发汗已，脉浮数，烦渴者，五苓散主之。" located at cell '病脉证set2'!A136.
   Types: 02_病脉证
Individual: BMZ00073_伤寒，汗出而渴者，五苓散主之；不渴者，茯苓甘草汤主之。  # Generated from value "BMZ00073_伤寒，汗出而渴者，五苓散主之；不渴者，茯苓甘草汤主之。" located at cell '病脉证set2'!A137.
   Types: 02_病脉证
Individual: BMZ00074_中风，发热六七日不解而烦，有表里证，渴欲饮水，水入则吐者，名曰水逆，五苓散主之。  # Generated from value "BMZ00074_中风，发热六七日不解而烦，有表里证，渴欲饮水，水入则吐者，名曰水逆，五苓散主之。" located at cell '病脉证set2'!A138.
   Types: 02_病脉证
Individual: BMZ00075_未持脉时，病人叉手自冒心，师因教试令咳，而不咳者，此必两耳聋无闻也。所以然者，以重发汗，虚故如此。发汗后，饮水多必喘，以水灌之亦喘。  # Generated from value "BMZ00075_未持脉时，病人叉手自冒心，师因教试令咳，而不咳者，此必两耳聋无闻也。所以然者，以重发汗，虚故如此。发汗后，饮水多必喘，以水灌之亦喘。" located at cell '病脉证set2'!A139.
   Types: 02_病脉证
Individual: BMZ00076_发汗后，水药不得入口，为逆；若更发汗，必吐下不止。发汗吐下后，虚烦不得眠，若剧者，必反覆颠倒，心中懊[插图]，栀子豉汤主之；若少气者，栀子甘草豉汤主之；若呕者，栀子生姜豉汤主之。  # Generated from value "BMZ00076_发汗后，水药不得入口，为逆；若更发汗，必吐下不止。发汗吐下后，虚烦不得眠，若剧者，必反覆颠倒，心中懊[插图]，栀子豉汤主之；若少气者，栀子甘草豉汤主之；若呕者，栀子生姜豉汤主之。" located at cell '病脉证set2'!A140.
   Types: 02_病脉证
Individual: BMZ00077_发汗，若下之，而烦热、胸中窒者，栀子豉汤主之。  # Generated from value "BMZ00077_发汗，若下之，而烦热、胸中窒者，栀子豉汤主之。" located at cell '病脉证set2'!A141.
   Types: 02_病脉证
Individual: BMZ00078_伤寒五六日，大下之后，身热不去，心中结痛者，未欲解也，栀子豉汤主之。  # Generated from value "BMZ00078_伤寒五六日，大下之后，身热不去，心中结痛者，未欲解也，栀子豉汤主之。" located at cell '病脉证set2'!A142.
   Types: 02_病脉证
Individual: BMZ00079_伤寒，下后，心烦，腹满，卧起不安者，栀子厚朴汤主之。  # Generated from value "BMZ00079_伤寒，下后，心烦，腹满，卧起不安者，栀子厚朴汤主之。" located at cell '病脉证set2'!A143.
   Types: 02_病脉证
Individual: BMZ00080_伤寒，医以丸药大下之，身热不去，微烦者，栀子干姜汤主之。  # Generated from value "BMZ00080_伤寒，医以丸药大下之，身热不去，微烦者，栀子干姜汤主之。" located at cell '病脉证set2'!A144.
   Types: 02_病脉证
Individual: BMZ00081_凡用栀子汤，病人旧微溏者，不可与服之。  # Generated from value "BMZ00081_凡用栀子汤，病人旧微溏者，不可与服之。" located at cell '病脉证set2'!A145.
   Types: 02_病脉证
Individual: BMZ00082_太阳病，发汗，汗出不解，其人仍发热，心下悸，头眩，身[插图]动，振振欲擗地者，真武汤主之。  # Generated from value "BMZ00082_太阳病，发汗，汗出不解，其人仍发热，心下悸，头眩，身[插图]动，振振欲擗地者，真武汤主之。" located at cell '病脉证set2'!A146.
   Types: 02_病脉证
Individual: BMZ00083_咽喉干燥者，不可发汗。  # Generated from value "BMZ00083_咽喉干燥者，不可发汗。" located at cell '病脉证set2'!A147.
   Types: 02_病脉证
Individual: BMZ00084_淋家，不可发汗，发汗必便血。  # Generated from value "BMZ00084_淋家，不可发汗，发汗必便血。" located at cell '病脉证set2'!A148.
   Types: 02_病脉证
Individual: BMZ00085_疮家，虽身疼痛，不可发汗，汗出则痉。  # Generated from value "BMZ00085_疮家，虽身疼痛，不可发汗，汗出则痉。" located at cell '病脉证set2'!A149.
   Types: 02_病脉证
Individual: BMZ00086_衄家，不可发汗，汗出必额上陷，脉急紧，直视不能眴，不得眠。  # Generated from value "BMZ00086_衄家，不可发汗，汗出必额上陷，脉急紧，直视不能眴，不得眠。" located at cell '病脉证set2'!A150.
   Types: 02_病脉证
Individual: BMZ00087_亡血家，不可发汗，发汗则寒栗而振。  # Generated from value "BMZ00087_亡血家，不可发汗，发汗则寒栗而振。" located at cell '病脉证set2'!A151.
   Types: 02_病脉证
Individual: BMZ00088_汗家，重发汗，必恍惚心乱，小便已阴疼，与禹余粮丸。  # Generated from value "BMZ00088_汗家，重发汗，必恍惚心乱，小便已阴疼，与禹余粮丸。" located at cell '病脉证set2'!A152.
   Types: 02_病脉证
Individual: BMZ00089_方本阙。病人有寒，复发汗，胃中冷，必吐蛔。  # Generated from value "BMZ00089_方本阙。病人有寒，复发汗，胃中冷，必吐蛔。" located at cell '病脉证set2'!A153.
   Types: 02_病脉证
Individual: BMZ00090_本发汗，而复下之，此为逆也；若先发汗，治不为逆。本先下之，而反汗之，为逆；若先下之，治不为逆。  # Generated from value "BMZ00090_本发汗，而复下之，此为逆也；若先发汗，治不为逆。本先下之，而反汗之，为逆；若先下之，治不为逆。" located at cell '病脉证set2'!A154.
   Types: 02_病脉证
Individual: BMZ00091_伤寒，医下之，续得下利清谷不止，身疼痛者，急当救里；后身疼痛，清便自调者，急当救表。救里宜四逆汤，救表宜桂枝汤。  # Generated from value "BMZ00091_伤寒，医下之，续得下利清谷不止，身疼痛者，急当救里；后身疼痛，清便自调者，急当救表。救里宜四逆汤，救表宜桂枝汤。" located at cell '病脉证set2'!A155.
   Types: 02_病脉证
Individual: BMZ00092_病发热头痛，脉反沉，若不差，身体疼痛，当救其里，四逆汤方。  # Generated from value "BMZ00092_病发热头痛，脉反沉，若不差，身体疼痛，当救其里，四逆汤方。" located at cell '病脉证set2'!A156.
   Types: 02_病脉证
Individual: BMZ00093_太阳病，先下而不愈，因复发汗，以此表里俱虚，其人因致冒，冒家汗出自愈。所以然者，汗出表和故也。里未和，然后复下之。  # Generated from value "BMZ00093_太阳病，先下而不愈，因复发汗，以此表里俱虚，其人因致冒，冒家汗出自愈。所以然者，汗出表和故也。里未和，然后复下之。" located at cell '病脉证set2'!A157.
   Types: 02_病脉证
Individual: BMZ00094_太阳病未解，脉阴阳俱停（一作微），必先振栗汗出而解。但阳脉微者，先汗出而解；但阴脉微（一作尺脉实）者，下之而解。若欲下之，宜调胃承气汤。  # Generated from value "BMZ00094_太阳病未解，脉阴阳俱停（一作微），必先振栗汗出而解。但阳脉微者，先汗出而解；但阴脉微（一作尺脉实）者，下之而解。若欲下之，宜调胃承气汤。" located at cell '病脉证set2'!A158.
   Types: 02_病脉证
Individual: BMZ00095_太阳病，发热、汗出者，此为荣弱卫强，故使汗出。欲救邪风者，宜桂枝汤。  # Generated from value "BMZ00095_太阳病，发热、汗出者，此为荣弱卫强，故使汗出。欲救邪风者，宜桂枝汤。" located at cell '病脉证set2'!A159.
   Types: 02_病脉证
Individual: BMZ00096_伤寒五六日，中风，往来寒热，胸胁苦满，嘿嘿不欲饮食，心烦，喜呕，或胸中烦而不呕，或渴，或腹中痛，或胁下痞鞕，或心下悸、小便不利，或不渴、身有微热，或咳者，小柴胡汤主之。  # Generated from value "BMZ00096_伤寒五六日，中风，往来寒热，胸胁苦满，嘿嘿不欲饮食，心烦，喜呕，或胸中烦而不呕，或渴，或腹中痛，或胁下痞鞕，或心下悸、小便不利，或不渴、身有微热，或咳者，小柴胡汤主之。" located at cell '病脉证set2'!A160.
   Types: 02_病脉证
Individual: BMZ00097_血弱气尽，腠理开，邪气因入，与正气相搏，结于胁下。正邪分争，往来寒热，休作有时，嘿嘿不欲饮食，脏腑相连，其痛必下，邪高痛下，故使呕也。小柴胡汤主之。服柴胡汤已，渴者，属阳明，以法治之。  # Generated from value "BMZ00097_血弱气尽，腠理开，邪气因入，与正气相搏，结于胁下。正邪分争，往来寒热，休作有时，嘿嘿不欲饮食，脏腑相连，其痛必下，邪高痛下，故使呕也。小柴胡汤主之。服柴胡汤已，渴者，属阳明，以法治之。" located at cell '病脉证set2'!A161.
   Types: 02_病脉证
Individual: BMZ00098_得病六七日，脉迟浮弱，恶风寒，手足温。医二三下之，不能食，而胁下满痛，面目及身黄，颈项强，小便难者，与柴胡汤，后必下重。本渴饮水而呕者，柴胡汤不中与也，食谷者哕。  # Generated from value "BMZ00098_得病六七日，脉迟浮弱，恶风寒，手足温。医二三下之，不能食，而胁下满痛，面目及身黄，颈项强，小便难者，与柴胡汤，后必下重。本渴饮水而呕者，柴胡汤不中与也，食谷者哕。" located at cell '病脉证set2'!A162.
   Types: 02_病脉证
Individual: BMZ00099_伤寒四五日，身热，恶风，颈项强，胁下满，手足温而渴者，小柴胡汤主之。  # Generated from value "BMZ00099_伤寒四五日，身热，恶风，颈项强，胁下满，手足温而渴者，小柴胡汤主之。" located at cell '病脉证set2'!A163.
   Types: 02_病脉证
Individual: BMZ00100_伤寒，阳脉涩，阴脉弦，法当腹中急痛，先与小建中汤，不差者，小柴胡汤主之。  # Generated from value "BMZ00100_伤寒，阳脉涩，阴脉弦，法当腹中急痛，先与小建中汤，不差者，小柴胡汤主之。" located at cell '病脉证set2'!A164.
   Types: 02_病脉证
Individual: BMZ00101_伤寒中风，有柴胡证，但见一证便是，不必悉具。凡柴胡汤病证而下之，若柴胡证不罢者，复与柴胡汤，必蒸蒸而振，却复发热汗出而解。  # Generated from value "BMZ00101_伤寒中风，有柴胡证，但见一证便是，不必悉具。凡柴胡汤病证而下之，若柴胡证不罢者，复与柴胡汤，必蒸蒸而振，却复发热汗出而解。" located at cell '病脉证set2'!A165.
   Types: 02_病脉证
Individual: BMZ00102_伤寒二三日，心中悸而烦者，小建中汤主之。  # Generated from value "BMZ00102_伤寒二三日，心中悸而烦者，小建中汤主之。" located at cell '病脉证set2'!A166.
   Types: 02_病脉证
Individual: BMZ00103_太阳病，过经十余日，反二三下之，后四五日，柴胡证仍在者，先与小柴胡。呕不止，心下急，郁郁微烦者，为未解也，与大柴胡汤，下之则愈。  # Generated from value "BMZ00103_太阳病，过经十余日，反二三下之，后四五日，柴胡证仍在者，先与小柴胡。呕不止，心下急，郁郁微烦者，为未解也，与大柴胡汤，下之则愈。" located at cell '病脉证set2'!A167.
   Types: 02_病脉证
Individual: BMZ00104_太阳病，过经十余日，反二三下之，后四五日，柴胡证仍在者，先与小柴胡。呕不止，心下急，郁郁微烦者，为未解也，与大柴胡汤，下之则愈。  # Generated from value "BMZ00104_太阳病，过经十余日，反二三下之，后四五日，柴胡证仍在者，先与小柴胡。呕不止，心下急，郁郁微烦者，为未解也，与大柴胡汤，下之则愈。" located at cell '病脉证set2'!A168.
   Types: 02_病脉证
Individual: BMZ00105_伤寒十三日，过经，谵语者，以有热也，当以汤下之。若小便利者，大便当鞕，而反下利，脉调和者，知医以丸药下之，非其治也。若自下利者，脉当微厥，今反和者，此为内实也，调胃承气汤主之。  # Generated from value "BMZ00105_伤寒十三日，过经，谵语者，以有热也，当以汤下之。若小便利者，大便当鞕，而反下利，脉调和者，知医以丸药下之，非其治也。若自下利者，脉当微厥，今反和者，此为内实也，调胃承气汤主之。" located at cell '病脉证set2'!A169.
   Types: 02_病脉证
Individual: BMZ00106_太阳病不解，热结膀胱，其人如狂，血自下，下者愈。其外不解者，尚未可攻，当先解其外；外解已，但少腹急结者，乃可攻之，宜桃核承气汤。  # Generated from value "BMZ00106_太阳病不解，热结膀胱，其人如狂，血自下，下者愈。其外不解者，尚未可攻，当先解其外；外解已，但少腹急结者，乃可攻之，宜桃核承气汤。" located at cell '病脉证set2'!A170.
   Types: 02_病脉证
Individual: BMZ00107_伤寒八九日，下之，胸满烦惊，小便不利，谵语，一身尽重，不可转侧者，柴胡加龙骨牡蛎汤主之。  # Generated from value "BMZ00107_伤寒八九日，下之，胸满烦惊，小便不利，谵语，一身尽重，不可转侧者，柴胡加龙骨牡蛎汤主之。" located at cell '病脉证set2'!A171.
   Types: 02_病脉证
Individual: BMZ00108_伤寒，腹满谵语，寸口脉浮而紧，此肝乘脾也，名曰纵，刺期门。  # Generated from value "BMZ00108_伤寒，腹满谵语，寸口脉浮而紧，此肝乘脾也，名曰纵，刺期门。" located at cell '病脉证set2'!A172.
   Types: 02_病脉证
Individual: BMZ00109_伤寒，发热，啬啬恶寒，大渴欲饮水，其腹必满，自汗出，小便利，其病欲解，此肝乘肺也，名曰横，刺期门。  # Generated from value "BMZ00109_伤寒，发热，啬啬恶寒，大渴欲饮水，其腹必满，自汗出，小便利，其病欲解，此肝乘肺也，名曰横，刺期门。" located at cell '病脉证set2'!A173.
   Types: 02_病脉证
Individual: BMZ00110_太阳病二日，反躁，凡熨其背，而大汗出，大热入胃，胃中水竭，躁烦，必发谵语。十余日，振栗，自下利者，此为欲解也。故其汗从腰以下不得汗，欲小便不得，反呕，欲失溲，足下恶风，大便鞕，小便当数，而反不数及不多，大便已，头卓然而痛，其人足心必热，谷气下流故也。  # Generated from value "BMZ00110_太阳病二日，反躁，凡熨其背，而大汗出，大热入胃，胃中水竭，躁烦，必发谵语。十余日，振栗，自下利者，此为欲解也。故其汗从腰以下不得汗，欲小便不得，反呕，欲失溲，足下恶风，大便鞕，小便当数，而反不数及不多，大便已，头卓然而痛，其人足心必热，谷气下流故也。" located at cell '病脉证set2'!A174.
   Types: 02_病脉证
Individual: BMZ00111_太阳病中风，以火劫发汗，邪风被火热，血气流溢，失其常度。两阳相熏灼，其身发黄。阳盛则欲衄，阴虚小便难。阴阳俱虚竭，身体则枯燥，但头汗出，剂颈而还，腹满微喘，口干咽烂，或不大便，久则谵语，甚者至哕，手足躁扰，捻衣摸床。小便利者，其人可治。  # Generated from value "BMZ00111_太阳病中风，以火劫发汗，邪风被火热，血气流溢，失其常度。两阳相熏灼，其身发黄。阳盛则欲衄，阴虚小便难。阴阳俱虚竭，身体则枯燥，但头汗出，剂颈而还，腹满微喘，口干咽烂，或不大便，久则谵语，甚者至哕，手足躁扰，捻衣摸床。小便利者，其人可治。" located at cell '病脉证set2'!A175.
   Types: 02_病脉证
Individual: BMZ00112_伤寒，脉浮，医以火迫劫之，亡阳，必惊狂，卧起不安者，桂枝去芍药加蜀漆牡蛎龙骨救逆汤主之。  # Generated from value "BMZ00112_伤寒，脉浮，医以火迫劫之，亡阳，必惊狂，卧起不安者，桂枝去芍药加蜀漆牡蛎龙骨救逆汤主之。" located at cell '病脉证set2'!A176.
   Types: 02_病脉证
Individual: BMZ00113_形作伤寒，其脉不弦紧而弱。弱者必渴，被火必谵语。弱者发热、脉浮，解之，当汗出愈。  # Generated from value "BMZ00113_形作伤寒，其脉不弦紧而弱。弱者必渴，被火必谵语。弱者发热、脉浮，解之，当汗出愈。" located at cell '病脉证set2'!A177.
   Types: 02_病脉证
Individual: BMZ00114_太阳病，以火熏之，不得汗，其人必躁，到经不解，必清血，名为火邪。  # Generated from value "BMZ00114_太阳病，以火熏之，不得汗，其人必躁，到经不解，必清血，名为火邪。" located at cell '病脉证set2'!A178.
   Types: 02_病脉证
Individual: BMZ00115_脉浮热甚，而反灸之，此为实，实以虚治，因火而动，必咽燥吐血。  # Generated from value "BMZ00115_脉浮热甚，而反灸之，此为实，实以虚治，因火而动，必咽燥吐血。" located at cell '病脉证set2'!A179.
   Types: 02_病脉证
Individual: BMZ00116_微数之脉，慎不可灸，因火为邪，则为烦逆，追虚逐实，血散脉中，火气虽微，内攻有力，焦骨伤筋，血难复也。脉浮，宜以汗解，用火灸之，邪无从出，因火而盛，病从腰以下必重而痹，名火逆也。欲自解者，必当先烦，烦乃有汗而解。何以知之？脉浮，故知汗出解。  # Generated from value "BMZ00116_微数之脉，慎不可灸，因火为邪，则为烦逆，追虚逐实，血散脉中，火气虽微，内攻有力，焦骨伤筋，血难复也。脉浮，宜以汗解，用火灸之，邪无从出，因火而盛，病从腰以下必重而痹，名火逆也。欲自解者，必当先烦，烦乃有汗而解。何以知之？脉浮，故知汗出解。" located at cell '病脉证set2'!A180.
   Types: 02_病脉证
Individual: BMZ00117_烧针令其汗，针处被寒，核起而赤者，必发奔豚，气从少腹上冲心者，灸其核上各一壮，与桂枝加桂汤，更加桂枝二两也。  # Generated from value "BMZ00117_烧针令其汗，针处被寒，核起而赤者，必发奔豚，气从少腹上冲心者，灸其核上各一壮，与桂枝加桂汤，更加桂枝二两也。" located at cell '病脉证set2'!A181.
   Types: 02_病脉证
Individual: BMZ00118_火逆下之，因烧针烦躁者，桂枝甘草龙骨牡蛎汤主之。  # Generated from value "BMZ00118_火逆下之，因烧针烦躁者，桂枝甘草龙骨牡蛎汤主之。" located at cell '病脉证set2'!A182.
   Types: 02_病脉证
Individual: BMZ00119_太阳伤寒者，加温针必惊也。  # Generated from value "BMZ00119_太阳伤寒者，加温针必惊也。" located at cell '病脉证set2'!A183.
   Types: 02_病脉证
Individual: BMZ00120_太阳病，当恶寒、发热，今自汗出，反不恶寒、发热，关上脉细数者，以医吐之过也。一二日吐之者，腹中饥，口不能食；三四日吐之者，不喜糜粥，欲食冷食，朝食暮吐。以医吐之所致也，此为小逆。  # Generated from value "BMZ00120_太阳病，当恶寒、发热，今自汗出，反不恶寒、发热，关上脉细数者，以医吐之过也。一二日吐之者，腹中饥，口不能食；三四日吐之者，不喜糜粥，欲食冷食，朝食暮吐。以医吐之所致也，此为小逆。" located at cell '病脉证set2'!A184.
   Types: 02_病脉证
Individual: BMZ00121_太阳病，吐之，但太阳病当恶寒，今反不恶寒，不欲近衣，此为吐之内烦也。  # Generated from value "BMZ00121_太阳病，吐之，但太阳病当恶寒，今反不恶寒，不欲近衣，此为吐之内烦也。" located at cell '病脉证set2'!A185.
   Types: 02_病脉证
Individual: BMZ00122_病人脉数，数为热，当消谷引食，而反吐者，此以发汗令阳气微、膈气虚，脉乃数也。数为客热，不能消谷，以胃中虚冷，故吐也。  # Generated from value "BMZ00122_病人脉数，数为热，当消谷引食，而反吐者，此以发汗令阳气微、膈气虚，脉乃数也。数为客热，不能消谷，以胃中虚冷，故吐也。" located at cell '病脉证set2'!A186.
   Types: 02_病脉证
Individual: BMZ00123_太阳病过经十余日，心下温温欲吐，而胸中痛，大便反溏，腹微满，郁郁微烦。先此时自极吐下者，与调胃承气汤。若不尔者，不可与。但欲呕，胸中痛，微溏者，此非柴胡汤证，以呕，故知极吐下也。  # Generated from value "BMZ00123_太阳病过经十余日，心下温温欲吐，而胸中痛，大便反溏，腹微满，郁郁微烦。先此时自极吐下者，与调胃承气汤。若不尔者，不可与。但欲呕，胸中痛，微溏者，此非柴胡汤证，以呕，故知极吐下也。" located at cell '病脉证set2'!A187.
   Types: 02_病脉证
Individual: BMZ00124_太阳病六七日，表证仍在，脉微而沉，反不结胸，其人发狂者，以热在下焦，少腹当鞕满，小便自利者，下血乃愈。所以然者，以太阳随经，瘀热在里故也，抵当汤主之。  # Generated from value "BMZ00124_太阳病六七日，表证仍在，脉微而沉，反不结胸，其人发狂者，以热在下焦，少腹当鞕满，小便自利者，下血乃愈。所以然者，以太阳随经，瘀热在里故也，抵当汤主之。" located at cell '病脉证set2'!A188.
   Types: 02_病脉证
Individual: BMZ00125_太阳病，身黄，脉沉结，少腹鞕，小便不利者，为无血也。小便自利，其人如狂者，血证谛也，抵当汤主之。（125）  # Generated from value "BMZ00125_太阳病，身黄，脉沉结，少腹鞕，小便不利者，为无血也。小便自利，其人如狂者，血证谛也，抵当汤主之。（125）" located at cell '病脉证set2'!A189.
   Types: 02_病脉证
Individual: BMZ00126_伤寒，有热，少腹满，应小便不利，今反利者，为有血也，当下之，不可余药，宜抵当丸。  # Generated from value "BMZ00126_伤寒，有热，少腹满，应小便不利，今反利者，为有血也，当下之，不可余药，宜抵当丸。" located at cell '病脉证set2'!A190.
   Types: 02_病脉证
Individual: BMZ00127_太阳病，小便利者，以饮水多，必心下悸；小便少者，必苦里急也。  # Generated from value "BMZ00127_太阳病，小便利者，以饮水多，必心下悸；小便少者，必苦里急也。" located at cell '病脉证set2'!A191.
   Types: 02_病脉证

===========================================================================================================
